2025-04-02 18:42:16,103 - INFO - Starting DE execution: Solver=RK45, Error=ABS, Seed=0
2025-04-02 18:42:16,104 - INFO - Starting DE execution: Solver=RK45, Error=SQUARED, Seed=0
2025-04-02 18:42:16,106 - INFO - Starting DE execution: Solver=RK45, Error=MSE, Seed=0
2025-04-02 18:42:16,108 - INFO - Starting DE execution: Solver=RK45, Error=MABS, Seed=0
2025-04-02 22:12:17,264 - INFO - Execution finished for RK45, seed 0, error MABS in 12601.11 seconds.
2025-04-02 22:12:17,264 - INFO - Starting DE execution: Solver=RK45, Error=ABS, Seed=1
2025-04-02 22:12:47,264 - INFO - Execution finished for RK45, seed 0, error ABS in 12631.13 seconds.
2025-04-02 22:12:47,264 - INFO - Starting DE execution: Solver=RK45, Error=SQUARED, Seed=1
2025-04-02 23:24:40,913 - INFO - Execution finished for RK45, seed 0, error SQUARED in 16944.71 seconds.
2025-04-02 23:24:40,913 - INFO - Starting DE execution: Solver=RK45, Error=MSE, Seed=1
2025-04-03 00:49:37,202 - INFO - Execution finished for RK45, seed 1, error ABS in 9439.91 seconds.
2025-04-03 00:49:37,202 - INFO - Starting DE execution: Solver=RK45, Error=MABS, Seed=1
2025-04-03 01:01:40,249 - INFO - Execution finished for RK45, seed 0, error MSE in 22764.02 seconds.
2025-04-03 01:01:40,249 - INFO - Starting DE execution: Solver=RK45, Error=ABS, Seed=2
2025-04-03 03:25:04,680 - INFO - Execution finished for RK45, seed 1, error MABS in 9327.45 seconds.
2025-04-03 03:25:04,680 - INFO - Starting DE execution: Solver=RK45, Error=SQUARED, Seed=2
2025-04-03 05:43:08,331 - INFO - Execution finished for RK45, seed 2, error ABS in 16888.02 seconds.
2025-04-03 05:43:08,331 - INFO - Starting DE execution: Solver=RK45, Error=MSE, Seed=2
2025-04-03 08:01:52,454 - INFO - Execution finished for RK45, seed 1, error SQUARED in 35345.08 seconds.
2025-04-03 08:01:52,454 - INFO - Starting DE execution: Solver=RK45, Error=MABS, Seed=2
2025-04-03 10:08:53,789 - INFO - Execution finished for RK45, seed 2, error SQUARED in 24229.03 seconds.
2025-04-03 10:36:14,090 - INFO - Execution finished for RK45, seed 2, error MABS in 9261.60 seconds.
2025-04-03 11:46:26,163 - INFO - Execution finished for RK45, seed 2, error MSE in 21797.80 seconds.
2025-04-03 11:51:27,662 - INFO - Execution finished for RK45, seed 1, error MSE in 44806.73 seconds.
