2025-04-29 19:51:36,978 - INFO - Starting execution for: Solver=RK45, Error=ABS, Seed=0
2025-04-29 19:51:36,986 - INFO - Starting execution for: Solver=RK45, Error=SQUARED, Seed=0
2025-04-29 19:51:36,988 - INFO - Starting execution for: Solver=RK45, Error=MSE, Seed=0
2025-04-29 19:51:36,994 - INFO - Starting execution for: Solver=RK45, Error=ABS, Seed=1
2025-04-29 19:51:36,994 - INFO - Starting execution for: Solver=RK45, Error=MABS, Seed=0
2025-04-29 19:51:36,995 - INFO - Starting execution for: Solver=RK45, Error=SQUARED, Seed=1
2025-04-29 19:51:36,995 - INFO - Starting execution for: Solver=RK45, Error=MSE, Seed=1
2025-04-29 19:51:36,995 - INFO - Starting execution for: Solver=RK45, Error=MABS, Seed=1
2025-04-29 19:51:37,008 - INFO - Starting execution for: Solver=RK45, Error=ABS, Seed=2
2025-04-29 19:51:37,010 - INFO - Starting execution for: Solver=RK45, Error=SQUARED, Seed=2
2025-04-29 19:51:37,015 - INFO - Starting execution for: Solver=RK45, Error=MSE, Seed=2
2025-04-29 19:51:37,017 - INFO - Starting execution for: Solver=RK45, Error=MABS, Seed=2
2025-04-29 19:56:32,561 - INFO - Sigma increased: 3.709588964567966
2025-04-29 19:58:38,049 - INFO - Sigma increased: 1.4539580654748803
2025-04-29 19:59:22,685 - INFO - Sigma increased: 1.798070144613424
2025-04-29 20:02:25,670 - INFO - Sigma increased: 3.0565689980038258
2025-04-29 20:03:05,555 - INFO - Sigma increased: 1
2025-04-29 20:03:45,677 - INFO - Sigma increased: 1
2025-04-29 20:06:42,101 - INFO - Sigma increased: 4.139112149206497
2025-04-29 20:07:24,588 - INFO - Sigma increased: 1
2025-04-29 20:08:10,785 - INFO - Sigma increased: 1
2025-04-29 20:09:07,808 - INFO - Sigma increased: 3.484666238221967
2025-04-29 20:09:54,995 - INFO - Sigma increased: 1
2025-04-29 20:10:06,067 - INFO - Sigma increased: 4.404083279180101
2025-04-29 20:11:37,843 - INFO - Sigma increased: 6.0650417869020075
2025-04-29 20:13:04,574 - INFO - Sigma increased: 2.2142015357689915
2025-04-29 20:14:48,885 - INFO - Sigma increased: 1
2025-04-29 20:14:54,516 - INFO - Sigma increased: 5.201028390707575
2025-04-29 20:15:06,340 - INFO - Sigma increased: 1
2025-04-29 20:16:15,320 - INFO - Sigma increased: 2.2313348065401932
2025-04-29 20:16:23,033 - INFO - Sigma increased: 1
2025-04-29 20:16:34,679 - INFO - Sigma increased: 1
2025-04-29 20:16:43,988 - INFO - Sigma increased: 1
2025-04-29 20:18:20,726 - INFO - Sigma increased: 1
2025-04-29 20:19:20,238 - INFO - Sigma increased: 3.686821717173699
2025-04-29 20:19:39,042 - INFO - Sigma increased: 8.877388380603744
2025-04-29 20:21:03,515 - INFO - Sigma increased: 1.131938101229819
2025-04-29 20:22:38,635 - INFO - Sigma increased: 1
2025-04-29 20:23:20,416 - INFO - Sigma increased: 7.361717054070372
2025-04-29 20:23:34,476 - INFO - Sigma increased: 6.613335813454716
2025-04-29 20:23:43,336 - INFO - Sigma increased: 1
2025-04-29 20:26:01,752 - INFO - Sigma increased: 7.8204946852106065
2025-04-29 20:26:47,237 - INFO - Sigma increased: 1
2025-04-29 20:27:55,828 - INFO - Sigma increased: 6.057353336531795
2025-04-29 20:30:20,036 - INFO - Sigma increased: 3.14473086237758
2025-04-29 20:30:33,709 - INFO - Sigma increased: 15
2025-04-29 20:31:41,595 - INFO - Sigma increased: 6.208471084258589
2025-04-29 20:31:58,019 - INFO - Sigma increased: 1
2025-04-29 20:35:08,568 - INFO - Sigma increased: 1
2025-04-29 20:35:17,902 - INFO - Sigma increased: 8.266822851222111
2025-04-29 20:35:42,079 - INFO - Sigma increased: 12.006807630933121
2025-04-29 20:35:49,488 - INFO - Sigma increased: 6.990464466872713
2025-04-29 20:39:51,859 - INFO - Sigma increased: 11.05159695045205
2025-04-29 20:39:55,930 - INFO - Sigma increased: 14.749514551314125
2025-04-29 20:40:20,237 - INFO - Sigma increased: 1
2025-04-29 20:41:55,274 - INFO - Sigma increased: 15
2025-04-29 20:42:49,600 - INFO - Sigma increased: 15
2025-04-29 20:43:28,971 - INFO - Sigma increased: 8.750039363038379
2025-04-29 20:44:04,504 - INFO - Sigma increased: 1
2025-04-29 20:44:13,793 - INFO - Sigma increased: 1
2025-04-29 20:46:17,000 - INFO - Sigma increased: 5.465359569245063
2025-04-29 20:46:18,425 - INFO - Sigma increased: 14.905799278488548
2025-04-29 20:48:09,078 - INFO - Sigma increased: 2.0095832791648047
2025-04-29 20:48:38,500 - INFO - Sigma increased: 15
2025-04-29 20:48:44,568 - INFO - Sigma increased: 8.645155351048134
2025-04-29 20:48:45,122 - INFO - Sigma increased: 1
2025-04-29 20:48:45,472 - INFO - Sigma increased: 1
2025-04-29 20:49:57,596 - INFO - Sigma increased: 10.318548902778716
2025-04-29 20:51:27,893 - INFO - Sigma increased: 13.44967591965035
2025-04-29 20:52:07,706 - INFO - Sigma increased: 9.12326246271878
2025-04-29 20:52:56,951 - INFO - Sigma increased: 1.624408761132443
2025-04-29 20:53:47,304 - INFO - Sigma increased: 1
2025-04-29 20:54:02,768 - INFO - Sigma increased: 1
2025-04-29 20:54:11,287 - INFO - Sigma increased: 15
2025-04-29 20:54:25,308 - INFO - Sigma increased: 15
2025-04-29 20:54:53,832 - INFO - Sigma increased: 1
2025-04-29 20:56:12,862 - INFO - Sigma increased: 2.048546757929162
2025-04-29 20:56:49,122 - INFO - Sigma increased: 15
2025-04-29 20:57:12,726 - INFO - Sigma increased: 1
2025-04-29 20:57:40,181 - INFO - Sigma increased: 4.449795119540437
2025-04-29 20:57:59,370 - INFO - Sigma increased: 15
2025-04-29 20:59:42,571 - INFO - Sigma increased: 15
2025-04-29 21:00:24,818 - INFO - Sigma increased: 5.054445484259036
2025-04-29 21:00:25,126 - INFO - Sigma increased: 1
2025-04-29 21:00:53,990 - INFO - Sigma increased: 13.30438788519421
2025-04-29 21:02:18,362 - INFO - Sigma increased: 15
2025-04-29 21:02:59,650 - INFO - Sigma increased: 1
2025-04-29 21:03:07,312 - INFO - Sigma increased: 15
2025-04-29 21:03:11,525 - INFO - Sigma increased: 15
2025-04-29 21:04:58,052 - INFO - Sigma increased: 15
2025-04-29 21:05:00,819 - INFO - Sigma increased: 9.860283775502138
2025-04-29 21:05:48,449 - INFO - Sigma increased: 15
2025-04-29 21:06:02,933 - INFO - Sigma increased: 15
2025-04-29 21:06:15,317 - INFO - Sigma increased: 1.809883269172169
2025-04-29 21:08:08,278 - INFO - Sigma increased: 1
2025-04-29 21:08:11,686 - INFO - Sigma increased: 15
2025-04-29 21:08:17,297 - INFO - Sigma increased: 9.307828725268365
2025-04-29 21:08:40,294 - INFO - Sigma increased: 10.045228966968443
2025-04-29 21:09:32,237 - INFO - Sigma increased: 1
2025-04-29 21:09:38,331 - INFO - Sigma increased: 9.11347333554199
2025-04-29 21:09:50,947 - INFO - Sigma increased: 15
2025-04-29 21:10:26,170 - INFO - Sigma increased: 1
2025-04-29 21:10:26,728 - INFO - Sigma increased: 15
2025-04-29 21:10:41,037 - INFO - Sigma increased: 15
2025-04-29 21:12:30,847 - INFO - Sigma increased: 15
2025-04-29 21:13:06,933 - INFO - Sigma increased: 15
2025-04-29 21:13:57,116 - INFO - Sigma increased: 7.591658081824972
2025-04-29 21:14:40,588 - INFO - Sigma increased: 15
2025-04-29 21:15:24,960 - INFO - Sigma increased: 1.3331248007381178
2025-04-29 21:15:38,561 - INFO - Sigma increased: 11.423324682579288
2025-04-29 21:15:46,871 - INFO - Sigma increased: 15
2025-04-29 21:16:02,857 - INFO - Sigma increased: 9.401418364949198
2025-04-29 21:17:28,063 - INFO - Sigma increased: 15
2025-04-29 21:17:36,039 - INFO - Sigma increased: 10.51382608034632
2025-04-29 21:18:00,005 - INFO - Sigma increased: 15
2025-04-29 21:18:07,168 - INFO - Sigma increased: 1
2025-04-29 21:18:48,655 - INFO - Sigma increased: 1
2025-04-29 21:19:01,193 - INFO - Sigma increased: 12.209187843395688
2025-04-29 21:19:32,730 - INFO - Sigma increased: 15
2025-04-29 21:20:03,754 - INFO - Sigma increased: 15
2025-04-29 21:20:38,936 - INFO - Sigma increased: 15
2025-04-29 21:21:28,626 - INFO - Sigma increased: 1
2025-04-29 21:21:50,431 - INFO - Sigma increased: 12.476567579790617
2025-04-29 21:22:21,303 - INFO - Sigma increased: 15
2025-04-29 21:22:26,597 - INFO - Sigma increased: 9.77155136964198
2025-04-29 21:22:48,125 - INFO - Sigma increased: 1
2025-04-29 21:23:21,391 - INFO - Sigma increased: 15
2025-04-29 21:23:28,170 - INFO - Sigma increased: 15
2025-04-29 21:24:24,430 - INFO - Sigma increased: 1
2025-04-29 21:24:40,870 - INFO - Sigma increased: 15
2025-04-29 21:24:48,693 - INFO - Sigma increased: 1
2025-04-29 21:25:08,962 - INFO - Sigma increased: 15
2025-04-29 21:25:27,025 - INFO - Sigma increased: 15
2025-04-29 21:26:11,092 - INFO - Sigma increased: 1
2025-04-29 21:26:43,545 - INFO - Sigma increased: 1
2025-04-29 21:26:50,025 - INFO - Sigma increased: 15
2025-04-29 21:26:54,747 - INFO - Sigma increased: 15
2025-04-29 21:27:33,379 - INFO - Sigma increased: 15
2025-04-29 21:28:03,428 - INFO - Sigma increased: 1
2025-04-29 21:28:29,712 - INFO - Sigma increased: 12.664201776840113
2025-04-29 21:28:38,558 - INFO - Sigma increased: 1.7026343185094253
2025-04-29 21:29:03,466 - INFO - Sigma increased: 15
2025-04-29 21:29:49,840 - INFO - Sigma increased: 1
2025-04-29 21:30:15,502 - INFO - Sigma increased: 4.779032130015969
2025-04-29 21:30:40,385 - INFO - Sigma increased: 8.489524039417205
2025-04-29 21:31:20,221 - INFO - Sigma increased: 14.6469130387156
2025-04-29 21:31:42,285 - INFO - Sigma increased: 1
2025-04-29 21:32:20,670 - INFO - Sigma increased: 15
2025-04-29 21:32:22,465 - INFO - Sigma increased: 11.82370395159844
2025-04-29 21:33:05,952 - INFO - Sigma increased: 2.330935168759705
2025-04-29 21:33:38,738 - INFO - Sigma increased: 1
2025-04-29 21:34:14,770 - INFO - Sigma increased: 15
2025-04-29 21:34:17,111 - INFO - Sigma increased: 1
2025-04-29 21:34:34,117 - INFO - Sigma increased: 15
2025-04-29 21:34:58,567 - INFO - Sigma increased: 14.320325272927283
2025-04-29 21:35:25,290 - INFO - Sigma increased: 1
2025-04-29 21:35:26,126 - INFO - Sigma increased: 1
2025-04-29 21:36:31,469 - INFO - Sigma increased: 15
2025-04-29 21:37:13,403 - INFO - Sigma increased: 1.4860224872576127
2025-04-29 21:37:50,170 - INFO - Sigma increased: 1.4313913180912454
2025-04-29 21:38:03,276 - INFO - Sigma increased: 1
2025-04-29 21:38:40,527 - INFO - Sigma increased: 15
2025-04-29 21:38:42,363 - INFO - Sigma increased: 1
2025-04-29 21:38:46,869 - INFO - Sigma increased: 1
2025-04-29 21:38:54,134 - INFO - Sigma increased: 2.3797030072354914
2025-04-29 21:40:37,406 - INFO - Sigma increased: 2.786484239692597
2025-04-29 21:41:31,728 - INFO - Sigma increased: 1.2685654079058932
2025-04-29 21:41:35,382 - INFO - Sigma increased: 1.1280404183046757
2025-04-29 21:42:01,105 - INFO - Sigma increased: 1
2025-04-29 21:42:23,113 - INFO - Sigma increased: 1.6698291063561816
2025-04-29 21:42:26,905 - INFO - Sigma increased: 15
2025-04-29 21:44:09,796 - INFO - Sigma increased: 4.66672917895574
2025-04-29 21:45:10,098 - INFO - Sigma increased: 1.659099201207239
2025-04-29 21:45:19,514 - INFO - Sigma increased: 1
2025-04-29 21:46:00,979 - INFO - Sigma increased: 3.7861171210043154
2025-04-29 21:46:50,632 - INFO - Sigma increased: 1
2025-04-29 21:47:04,579 - INFO - Sigma increased: 15
2025-04-29 21:47:48,538 - INFO - Sigma increased: 2.996443004860048
2025-04-29 21:48:26,678 - INFO - Sigma increased: 1
2025-04-29 21:48:28,793 - INFO - Sigma increased: 1
2025-04-29 21:48:38,912 - INFO - Sigma increased: 1
2025-04-29 21:49:07,724 - INFO - Sigma increased: 1.195686066854273
2025-04-29 21:49:38,135 - INFO - Sigma increased: 2.8156818497856713
2025-04-29 21:51:27,889 - INFO - Sigma increased: 1.9096435933321267
2025-04-29 21:51:43,440 - INFO - Sigma increased: 1
2025-04-29 21:51:57,756 - INFO - Sigma increased: 1
2025-04-29 21:52:18,462 - INFO - Sigma increased: 1
2025-04-29 21:52:44,392 - INFO - Sigma increased: 1.9127206797714191
2025-04-29 21:53:26,164 - INFO - Sigma increased: 2.9709071265114337
2025-04-29 21:55:20,800 - INFO - Sigma increased: 2.7267339477277512
2025-04-29 21:55:27,303 - INFO - Sigma increased: 1
2025-04-29 21:55:46,185 - INFO - Sigma increased: 4.717842490417655
2025-04-29 21:56:21,069 - INFO - Sigma increased: 2.480671268358003
2025-04-29 21:56:29,453 - INFO - Sigma increased: 2.5179914759650335
2025-04-29 21:57:14,057 - INFO - Sigma increased: 1.5803933615088408
2025-04-29 21:57:22,013 - INFO - Sigma increased: 1
2025-04-29 21:58:29,655 - INFO - Sigma increased: 1
2025-04-29 21:58:49,967 - INFO - Sigma increased: 1
2025-04-29 21:59:07,350 - INFO - Sigma increased: 1
2025-04-29 21:59:12,928 - INFO - Sigma increased: 1.353840589026336
2025-04-29 21:59:53,764 - INFO - Sigma increased: 15
2025-04-29 22:00:12,825 - INFO - Sigma increased: 3.877271209978208
2025-04-29 22:00:45,230 - INFO - Sigma increased: 2.5934454238558446
2025-04-29 22:01:14,937 - INFO - Sigma increased: 1.528082674869683
2025-04-29 22:01:42,714 - INFO - Sigma increased: 1.5750796805335012
2025-04-29 22:03:10,483 - INFO - Sigma increased: 1
2025-04-29 22:03:16,612 - INFO - Sigma increased: 3.085726433853866
2025-04-29 22:04:08,141 - INFO - Sigma increased: 3.679776999113664
2025-04-29 22:04:36,108 - INFO - Sigma increased: 4.462351246911785
2025-04-29 22:04:39,941 - INFO - Sigma increased: 1
2025-04-29 22:05:18,944 - INFO - Sigma increased: 1.6992860672081305
2025-04-29 22:05:19,584 - INFO - Sigma increased: 12.737061100313436
2025-04-29 22:07:07,333 - INFO - Sigma increased: 1
2025-04-29 22:07:24,037 - INFO - Sigma increased: 1
2025-04-29 22:07:54,461 - INFO - Sigma increased: 15
2025-04-29 22:07:56,805 - INFO - Sigma increased: 15
2025-04-29 22:08:03,420 - INFO - Sigma increased: 3.8580582202258897
2025-04-29 22:08:10,893 - INFO - Sigma increased: 10.090418853050139
2025-04-29 22:08:19,225 - INFO - Sigma increased: 1
2025-04-29 22:10:13,678 - INFO - Sigma increased: 1.644171680973896
2025-04-29 22:11:19,035 - INFO - Sigma increased: 1.4614808524199772
2025-04-29 22:11:55,173 - INFO - Sigma increased: 1
2025-04-29 22:12:00,892 - INFO - Sigma increased: 4.8127063232973
2025-04-29 22:12:24,010 - INFO - Sigma increased: 15
2025-04-29 22:13:39,222 - INFO - Sigma increased: 7.3423283652523885
2025-04-29 22:14:15,319 - INFO - Sigma increased: 1.5407624449867106
2025-04-29 22:14:22,194 - INFO - Sigma increased: 1
2025-04-29 22:14:25,320 - INFO - Sigma increased: 1
2025-04-29 22:15:46,620 - INFO - Sigma increased: 15
2025-04-29 22:15:50,869 - INFO - Sigma increased: 1
2025-04-29 22:16:06,436 - INFO - Sigma increased: 4.909190907352313
2025-04-29 22:16:22,258 - INFO - Sigma increased: 1
2025-04-29 22:16:40,457 - INFO - Sigma increased: 2.703174233283069
2025-04-29 22:17:00,373 - INFO - Sigma increased: 15
2025-04-29 22:17:52,177 - INFO - Sigma increased: 15
2025-04-29 22:17:54,012 - INFO - Sigma increased: 1.4588953174687815
2025-04-29 22:18:31,864 - INFO - Sigma increased: 1.9211389307580276
2025-04-29 22:19:35,445 - INFO - Sigma increased: 1
2025-04-29 22:19:48,657 - INFO - Sigma increased: 1
2025-04-29 22:19:57,148 - INFO - Sigma increased: 3.142861781405637
2025-04-29 22:19:59,875 - INFO - Sigma increased: 1
2025-04-29 22:20:00,284 - INFO - Sigma increased: 15
2025-04-29 22:20:06,169 - INFO - Sigma increased: 1.4955013598371867
2025-04-29 22:20:09,835 - INFO - Sigma increased: 2.9333796693177634
2025-04-29 22:21:33,875 - INFO - Sigma increased: 1.4453418136408338
2025-04-29 22:22:10,085 - INFO - Sigma increased: 15
2025-04-29 22:22:30,477 - INFO - Sigma increased: 1
2025-04-29 22:22:34,315 - INFO - Sigma increased: 15
2025-04-29 22:22:41,217 - INFO - Sigma increased: 4.115364522801878
2025-04-29 22:22:50,355 - INFO - Sigma increased: 1.637651482532846
2025-04-29 22:24:12,114 - INFO - Sigma increased: 1
2025-04-29 22:24:14,554 - INFO - Sigma increased: 3.7592236829601218
2025-04-29 22:24:15,346 - INFO - Sigma increased: 3.2190525439511246
2025-04-29 22:24:24,656 - INFO - Sigma increased: 2.003225176328587
2025-04-29 22:24:36,147 - INFO - Sigma increased: 1
2025-04-29 22:24:54,097 - INFO - Sigma increased: 1
2025-04-29 22:25:04,681 - INFO - Sigma increased: 15
2025-04-29 22:25:09,584 - INFO - Sigma increased: 2.532418694585397
2025-04-29 22:26:07,539 - INFO - Sigma increased: 1
2025-04-29 22:26:42,315 - INFO - Sigma increased: 15
2025-04-29 22:27:58,503 - INFO - Sigma increased: 15
2025-04-29 22:28:12,839 - INFO - Sigma increased: 1.2166060019576108
2025-04-29 22:28:17,477 - INFO - Sigma increased: 6.548967913673989
2025-04-29 22:28:23,855 - INFO - Sigma increased: 3.1331048849114573
2025-04-29 22:28:25,901 - INFO - Sigma increased: 1
2025-04-29 22:28:46,330 - INFO - Sigma increased: 3.1152643894465113
2025-04-29 22:28:48,770 - INFO - Sigma increased: 15
2025-04-29 22:29:06,200 - INFO - Sigma increased: 2.0171194973776183
2025-04-29 22:29:28,889 - INFO - Sigma increased: 1
2025-04-29 22:30:21,697 - INFO - Sigma increased: 15
2025-04-29 22:30:43,924 - INFO - Sigma increased: 15
2025-04-29 22:30:45,770 - INFO - Sigma increased: 2.3767196346962187
2025-04-29 22:31:13,626 - INFO - Sigma increased: 1.5539090888933693
2025-04-29 22:32:27,228 - INFO - Sigma increased: 9.163793829155992
2025-04-29 22:32:43,439 - INFO - Sigma increased: 3.122577032474054
2025-04-29 22:32:49,399 - INFO - Sigma increased: 3.4622700085052642
2025-04-29 22:32:49,480 - INFO - Sigma increased: 1
2025-04-29 22:32:50,593 - INFO - Sigma increased: 15
2025-04-29 22:33:07,000 - INFO - Sigma increased: 1
2025-04-29 22:33:21,550 - INFO - Sigma increased: 15
2025-04-29 22:33:25,563 - INFO - Sigma increased: 4.304158849252744
2025-04-29 22:33:57,486 - INFO - Sigma increased: 2.9033891238014324
2025-04-29 22:35:01,261 - INFO - Execution finished for RK45, seed 1, error MSE in 9804.12 seconds.
2025-04-29 22:36:17,182 - INFO - Sigma increased: 15
2025-04-29 22:36:18,553 - INFO - Sigma increased: 15
2025-04-29 22:36:33,970 - INFO - Sigma increased: 2.7957229071849046
2025-04-29 22:36:39,483 - INFO - Sigma increased: 1
2025-04-29 22:36:39,658 - INFO - Sigma increased: 1.0472354018839503
2025-04-29 22:36:59,472 - INFO - Sigma increased: 3.217504977189405
2025-04-29 22:37:01,921 - INFO - Sigma increased: 1.2322175169445189
2025-04-29 22:37:51,320 - INFO - Sigma increased: 2.0408132016410376
2025-04-29 22:37:55,847 - INFO - Sigma increased: 1
2025-04-29 22:39:04,882 - INFO - Sigma increased: 12.572698831274371
2025-04-29 22:39:52,345 - INFO - Sigma increased: 15
2025-04-29 22:39:54,914 - INFO - Sigma increased: 1
2025-04-29 22:39:57,205 - INFO - Sigma increased: 5.862128708958663
2025-04-29 22:40:16,096 - INFO - Sigma increased: 3.2797400566704082
2025-04-29 22:40:20,480 - INFO - Sigma increased: 1
2025-04-29 22:40:53,851 - INFO - Sigma increased: 4.0240318747952415
2025-04-29 22:41:01,481 - INFO - Sigma increased: 8.783600133713437
2025-04-29 22:41:58,995 - INFO - Sigma increased: 2.8961270780254837
2025-04-29 22:42:01,497 - INFO - Sigma increased: 4.34622694362338
2025-04-29 22:42:14,476 - INFO - Sigma increased: 6.127628224499412
2025-04-29 22:42:45,774 - INFO - Sigma increased: 1.6393263814508763
2025-04-29 22:42:50,327 - INFO - Sigma increased: 7.082683590565391
2025-04-29 22:43:06,729 - INFO - Sigma increased: 1
2025-04-29 22:43:48,194 - INFO - Sigma increased: 3.5424138183124048
2025-04-29 22:44:24,167 - INFO - Sigma increased: 1
2025-04-29 22:44:33,751 - INFO - Sigma increased: 11.75519770215653
2025-04-29 22:44:39,787 - INFO - Sigma increased: 11.520395766385095
2025-04-29 22:44:52,979 - INFO - Sigma increased: 1
2025-04-29 22:44:55,029 - INFO - Sigma increased: 1.510186009016936
2025-04-29 22:46:25,488 - INFO - Sigma increased: 1
2025-04-29 22:46:25,616 - INFO - Sigma increased: 9.514909547297353
2025-04-29 22:46:29,306 - INFO - Sigma increased: 2.8078136975288563
2025-04-29 22:46:58,072 - INFO - Sigma increased: 14.677575711883225
2025-04-29 22:47:26,899 - INFO - Sigma increased: 4.637677895800919
2025-04-29 22:48:08,497 - INFO - Sigma increased: 1
2025-04-29 22:48:08,642 - INFO - Sigma increased: 7.778349789691933
2025-04-29 22:48:33,270 - INFO - Sigma increased: 1
2025-04-29 22:48:54,077 - INFO - Sigma increased: 1.6234239095814609
2025-04-29 22:49:20,490 - INFO - Sigma increased: 12.367142917181646
2025-04-29 22:49:29,861 - INFO - Sigma increased: 1.422215439670548
2025-04-29 22:49:40,408 - INFO - Sigma increased: 1
2025-04-29 22:49:40,997 - INFO - Sigma increased: 11.557768805984699
2025-04-29 22:49:53,119 - INFO - Sigma increased: 15
2025-04-29 22:50:52,939 - INFO - Sigma increased: 5.50689802739025
2025-04-29 22:51:04,303 - INFO - Sigma increased: 7.196726165290849
2025-04-29 22:51:27,359 - INFO - Sigma increased: 1.7270184632797845
2025-04-29 22:51:38,248 - INFO - Sigma increased: 15
2025-04-29 22:51:42,267 - INFO - Sigma increased: 15
2025-04-29 22:52:41,122 - INFO - Sigma increased: 1
2025-04-29 22:52:55,946 - INFO - Sigma increased: 1.1587968593461586
2025-04-29 22:53:05,314 - INFO - Sigma increased: 1
2025-04-29 22:53:27,263 - INFO - Sigma increased: 15
2025-04-29 22:53:29,738 - INFO - Sigma increased: 15
2025-04-29 22:54:13,048 - INFO - Sigma increased: 1
2025-04-29 22:54:29,584 - INFO - Sigma increased: 13.795330004809276
2025-04-29 22:54:53,632 - INFO - Sigma increased: 6.189453475415454
2025-04-29 22:55:09,602 - INFO - Sigma increased: 15
2025-04-29 22:55:57,511 - INFO - Sigma increased: 4.679950166742433
2025-04-29 22:56:13,672 - INFO - Sigma increased: 1
2025-04-29 22:56:25,039 - INFO - Sigma increased: 2.114733675333175
2025-04-29 22:56:39,827 - INFO - Sigma increased: 1
2025-04-29 22:56:49,579 - INFO - Sigma increased: 15
2025-04-29 22:56:50,811 - INFO - Sigma increased: 1
2025-04-29 22:56:55,724 - INFO - Sigma increased: 15
2025-04-29 22:57:26,061 - INFO - Sigma increased: 15
2025-04-29 22:58:43,963 - INFO - Sigma increased: 5.70206528729337
2025-04-29 22:58:54,586 - INFO - Sigma increased: 9.550122973777185
2025-04-29 22:58:59,364 - INFO - Sigma increased: 15
2025-04-29 22:59:52,868 - INFO - Sigma increased: 5.2916992574992125
2025-04-29 22:59:56,599 - INFO - Sigma increased: 15
2025-04-29 23:00:15,826 - INFO - Sigma increased: 1
2025-04-29 23:00:20,545 - INFO - Sigma increased: 1
2025-04-29 23:00:44,784 - INFO - Execution finished for RK45, seed 0, error MSE in 11347.68 seconds.
2025-04-29 23:00:45,335 - INFO - Sigma increased: 1.2990213140286013
2025-04-29 23:01:09,524 - INFO - Sigma increased: 15
2025-04-29 23:02:21,742 - INFO - Sigma increased: 1.3598366367410777
2025-04-29 23:02:48,384 - INFO - Sigma increased: 13.761493918366355
2025-04-29 23:03:11,725 - INFO - Sigma increased: 15
2025-04-29 23:03:18,791 - INFO - Sigma increased: 4.15306632227645
2025-04-29 23:03:27,611 - INFO - Sigma increased: 1
2025-04-29 23:04:11,323 - INFO - Sigma increased: 1
2025-04-29 23:04:36,476 - INFO - Sigma increased: 1.5042572607375069
2025-04-29 23:05:16,574 - INFO - Sigma increased: 11.30818267774444
2025-04-29 23:05:16,704 - INFO - Sigma increased: 15
2025-04-29 23:06:36,901 - INFO - Sigma increased: 1.1101161621526017
2025-04-29 23:07:17,623 - INFO - Sigma increased: 15
2025-04-29 23:07:26,591 - INFO - Sigma increased: 5.640745910561506
2025-04-29 23:08:03,489 - INFO - Sigma increased: 1
2025-04-29 23:08:23,871 - INFO - Sigma increased: 1.5371842115020227
2025-04-29 23:08:31,681 - INFO - Sigma increased: 3.8071828738424522
2025-04-29 23:08:58,860 - INFO - Sigma increased: 15
2025-04-29 23:09:17,626 - INFO - Sigma increased: 15
2025-04-29 23:09:35,678 - INFO - Sigma increased: 1
2025-04-29 23:11:18,577 - INFO - Sigma increased: 15
2025-04-29 23:11:27,394 - INFO - Sigma increased: 4.993625810058638
2025-04-29 23:11:55,739 - INFO - Sigma increased: 1
2025-04-29 23:11:56,435 - INFO - Sigma increased: 5.320285003767209
2025-04-29 23:12:10,257 - INFO - Sigma increased: 1.6845574900479676
2025-04-29 23:12:35,673 - INFO - Execution finished for RK45, seed 2, error SQUARED in 12058.50 seconds.
2025-04-29 23:12:39,083 - INFO - Sigma increased: 1
2025-04-29 23:12:39,314 - INFO - Sigma increased: 15
2025-04-29 23:13:11,919 - INFO - Sigma increased: 14.42701592698718
2025-04-29 23:15:10,727 - INFO - Sigma increased: 6.254901979954042
2025-04-29 23:15:20,497 - INFO - Sigma increased: 1
2025-04-29 23:15:22,532 - INFO - Sigma increased: 1
2025-04-29 23:15:28,753 - INFO - Sigma increased: 14.529571686183456
2025-04-29 23:15:41,495 - INFO - Sigma increased: 3.9656427635921876
2025-04-29 23:15:43,230 - INFO - Sigma increased: 2.2513787910686274
2025-04-29 23:15:45,542 - INFO - Sigma increased: 1
2025-04-29 23:15:54,753 - INFO - Sigma increased: 15
2025-04-29 23:15:55,959 - INFO - Sigma increased: 1
2025-04-29 23:17:01,312 - INFO - Sigma increased: 7.147836101207541
2025-04-29 23:17:14,108 - INFO - Execution finished for RK45, seed 1, error MABS in 12336.91 seconds.
2025-04-29 23:17:33,654 - INFO - Execution finished for RK45, seed 0, error SQUARED in 12356.52 seconds.
2025-04-29 23:18:28,491 - INFO - Sigma increased: 3.1614037002614177
2025-04-29 23:18:35,442 - INFO - Sigma increased: 1
2025-04-29 23:18:38,932 - INFO - Sigma increased: 1
2025-04-29 23:18:43,806 - INFO - Sigma increased: 7.161382823681873
2025-04-29 23:18:48,056 - INFO - Sigma increased: 1.3295368508799508
2025-04-29 23:20:51,148 - INFO - Sigma increased: 2.905939492584972
2025-04-29 23:20:57,095 - INFO - Sigma increased: 1
2025-04-29 23:21:24,868 - INFO - Sigma increased: 9.57026469282943
2025-04-29 23:21:29,617 - INFO - Sigma increased: 1.2204254711284142
2025-04-29 23:21:33,642 - INFO - Sigma increased: 1
2025-04-29 23:23:16,627 - INFO - Sigma increased: 2.201776984861847
2025-04-29 23:23:21,619 - INFO - Sigma increased: 1
2025-04-29 23:23:59,119 - INFO - Sigma increased: 3.075186668323902
2025-04-29 23:24:09,357 - INFO - Sigma increased: 6.414270523679995
2025-04-29 23:24:13,603 - INFO - Sigma increased: 1
2025-04-29 23:24:30,240 - INFO - Sigma increased: 1
2025-04-29 23:25:07,482 - INFO - Sigma increased: 1.680366799132418
2025-04-29 23:25:18,849 - INFO - Execution finished for RK45, seed 2, error MABS in 12821.68 seconds.
2025-04-29 23:25:38,418 - INFO - Sigma increased: 3.38185206547723
2025-04-29 23:25:41,161 - INFO - Sigma increased: 1
2025-04-29 23:26:35,329 - INFO - Sigma increased: 7.399713025278686
2025-04-29 23:27:16,627 - INFO - Sigma increased: 15
2025-04-29 23:27:37,012 - INFO - Sigma increased: 2.0987916133812905
2025-04-29 23:27:38,582 - INFO - Sigma increased: 1
2025-04-29 23:27:46,087 - INFO - Sigma increased: 1
2025-04-29 23:28:05,521 - INFO - Execution finished for RK45, seed 2, error ABS in 12988.42 seconds.
2025-04-29 23:29:23,401 - INFO - Sigma increased: 15
2025-04-29 23:29:26,746 - INFO - Sigma increased: 2.5114526231699807
2025-04-29 23:30:05,364 - INFO - Sigma increased: 1
2025-04-29 23:31:01,345 - INFO - Sigma increased: 10.195810076647994
2025-04-29 23:31:13,023 - INFO - Sigma increased: 1.2210848276680009
2025-04-29 23:31:24,008 - INFO - Sigma increased: 15
2025-04-29 23:32:20,530 - INFO - Sigma increased: 1
2025-04-29 23:32:59,662 - INFO - Sigma increased: 1
2025-04-29 23:33:24,056 - INFO - Sigma increased: 15
2025-04-29 23:33:31,332 - INFO - Execution finished for RK45, seed 1, error SQUARED in 13314.21 seconds.
2025-04-29 23:34:38,493 - INFO - Sigma increased: 1
2025-04-29 23:35:13,610 - INFO - Sigma increased: 15
2025-04-29 23:35:50,037 - INFO - Sigma increased: 2.21567114731373
2025-04-29 23:36:14,740 - INFO - Sigma increased: 1
2025-04-29 23:37:02,097 - INFO - Sigma increased: 15
2025-04-29 23:37:33,755 - INFO - Sigma increased: 2.7271659428393757
2025-04-29 23:37:51,411 - INFO - Sigma increased: 1.0960370431223723
2025-04-29 23:38:49,904 - INFO - Sigma increased: 15
2025-04-29 23:39:29,069 - INFO - Sigma increased: 1
2025-04-29 23:39:59,117 - INFO - Sigma increased: 1.2438112494940314
2025-04-29 23:40:06,029 - INFO - Execution finished for RK45, seed 2, error MSE in 13708.92 seconds.
2025-04-29 23:40:47,470 - INFO - Execution finished for RK45, seed 0, error ABS in 13750.41 seconds.
2025-04-29 23:40:49,563 - INFO - Sigma increased: 1
2025-04-29 23:41:07,069 - INFO - Sigma increased: 1
2025-04-29 23:41:27,831 - INFO - Execution finished for RK45, seed 1, error ABS in 13790.80 seconds.
2025-04-29 23:41:35,223 - INFO - Sigma increased: 1.8274227771632159
2025-04-29 23:41:52,193 - INFO - Sigma increased: 1.1513319582251085
2025-04-29 23:42:09,397 - INFO - Sigma increased: 1.4246870467133832
2025-04-29 23:42:26,476 - INFO - Sigma increased: 1.3829800958337914
2025-04-29 23:42:43,478 - INFO - Sigma increased: 1
2025-04-29 23:43:00,565 - INFO - Sigma increased: 1
2025-04-29 23:43:17,902 - INFO - Sigma increased: 1
2025-04-29 23:43:35,323 - INFO - Sigma increased: 1
2025-04-29 23:43:46,848 - INFO - Execution finished for RK45, seed 0, error MABS in 13929.83 seconds.
