2025-04-02 13:30:42,389 - INFO - Starting execution for: Solver=RK45, Error=ABS, Seed=0
2025-04-02 13:30:42,389 - INFO - Starting execution for: Solver=DOP853, Error=SQUARED, Seed=0
2025-04-02 13:30:42,389 - INFO - Starting execution for: Solver=DOP853, Error=ABS, Seed=0
2025-04-02 13:30:42,389 - INFO - Starting execution for: Solver=RK45, Error=MSE, Seed=0
2025-04-02 13:30:42,389 - INFO - Starting execution for: Solver=RK45, Error=SQUARED, Seed=0
2025-04-02 13:30:42,401 - INFO - Starting execution for: Solver=DOP853, Error=MSE, Seed=0
2025-04-02 13:30:42,401 - INFO - Starting execution for: Solver=RK45, Error=MABS, Seed=0
2025-04-02 13:30:42,434 - INFO - Starting execution for: Solver=DOP853, Error=MABS, Seed=0
2025-04-02 13:30:42,434 - INFO - Starting execution for: Solver=RK45, Error=ABS, Seed=1
2025-04-02 13:30:42,434 - INFO - Starting execution for: Solver=DOP853, Error=ABS, Seed=1
2025-04-02 13:30:42,453 - INFO - Starting execution for: Solver=RK45, Error=SQUARED, Seed=1
2025-04-02 13:30:42,453 - INFO - Starting execution for: Solver=DOP853, Error=SQUARED, Seed=1
2025-04-02 13:48:38,891 - INFO - Sigma increased: 7.117029330749391
2025-04-02 13:50:30,377 - INFO - Sigma increased: 4.849771716162923
2025-04-02 13:50:45,847 - INFO - Sigma increased: 7.850637375245867
2025-04-02 13:51:03,093 - INFO - Sigma increased: 10.189142283173528
2025-04-02 13:56:38,606 - INFO - Sigma increased: 2.4414413296519872
2025-04-02 14:00:42,390 - WARNING - Force-stopping RK45 for seed 0, error ABS due to timeout.
2025-04-02 14:00:42,392 - INFO - Starting execution for: Solver=RK45, Error=MSE, Seed=1
2025-04-02 14:00:42,408 - WARNING - Force-stopping RK45 for seed 0, error SQUARED due to timeout.
2025-04-02 14:00:42,408 - WARNING - Force-stopping DOP853 for seed 0, error SQUARED due to timeout.
2025-04-02 14:00:42,408 - WARNING - Force-stopping RK45 for seed 0, error MSE due to timeout.
2025-04-02 14:00:42,408 - WARNING - Force-stopping DOP853 for seed 0, error ABS due to timeout.
2025-04-02 14:00:42,408 - INFO - Starting execution for: Solver=DOP853, Error=MSE, Seed=1
2025-04-02 14:00:42,425 - WARNING - Force-stopping RK45 for seed 0, error MABS due to timeout.
2025-04-02 14:00:42,425 - INFO - Starting execution for: Solver=DOP853, Error=MABS, Seed=1
2025-04-02 14:00:42,425 - INFO - Starting execution for: Solver=RK45, Error=MABS, Seed=1
2025-04-02 14:00:42,441 - WARNING - Force-stopping DOP853 for seed 0, error MSE due to timeout.
2025-04-02 14:00:42,441 - WARNING - Force-stopping DOP853 for seed 0, error MABS due to timeout.
2025-04-02 14:00:42,441 - INFO - Starting execution for: Solver=RK45, Error=ABS, Seed=2
2025-04-02 14:00:42,441 - INFO - Starting execution for: Solver=DOP853, Error=ABS, Seed=2
2025-04-02 14:00:42,457 - WARNING - Force-stopping DOP853 for seed 1, error ABS due to timeout.
2025-04-02 14:00:42,458 - WARNING - Force-stopping RK45 for seed 1, error ABS due to timeout.
2025-04-02 14:00:42,458 - WARNING - Force-stopping DOP853 for seed 1, error SQUARED due to timeout.
2025-04-02 14:00:42,458 - WARNING - Force-stopping RK45 for seed 1, error SQUARED due to timeout.
2025-04-02 14:00:42,475 - INFO - Starting execution for: Solver=RK45, Error=SQUARED, Seed=2
2025-04-02 14:00:42,475 - INFO - Starting execution for: Solver=DOP853, Error=SQUARED, Seed=2
2025-04-02 14:00:42,508 - INFO - Starting execution for: Solver=RK45, Error=MSE, Seed=2
2025-04-02 14:00:42,513 - INFO - Starting execution for: Solver=DOP853, Error=MSE, Seed=2
2025-04-02 14:00:42,524 - INFO - Starting execution for: Solver=RK45, Error=MABS, Seed=2
2025-04-02 14:00:42,524 - INFO - Starting execution for: Solver=DOP853, Error=MABS, Seed=2
2025-04-02 14:00:45,181 - WARNING - Timeout reached for RK45 on seed 1, error SQUARED
2025-04-02 14:00:49,333 - INFO - Execution finished for RK45, seed 1, error SQUARED in 1802.71 seconds.
2025-04-02 14:00:49,596 - WARNING - Timeout reached for DOP853 on seed 1, error SQUARED
2025-04-02 14:00:50,018 - WARNING - Timeout reached for DOP853 on seed 0, error ABS
2025-04-02 14:00:50,401 - WARNING - Timeout reached for RK45 on seed 1, error ABS
2025-04-02 14:00:53,203 - WARNING - Timeout reached for DOP853 on seed 0, error MSE
2025-04-02 14:00:53,328 - INFO - Execution finished for DOP853, seed 1, error SQUARED in 1807.11 seconds.
2025-04-02 14:00:54,030 - INFO - Execution finished for DOP853, seed 0, error ABS in 1807.58 seconds.
2025-04-02 14:00:54,629 - INFO - Execution finished for RK45, seed 1, error ABS in 1807.95 seconds.
2025-04-02 14:00:56,543 - INFO - Execution finished for DOP853, seed 0, error MSE in 1810.78 seconds.
2025-04-02 14:00:57,292 - WARNING - Timeout reached for DOP853 on seed 1, error ABS
2025-04-02 14:00:58,058 - WARNING - Timeout reached for DOP853 on seed 0, error MABS
2025-04-02 14:00:59,182 - WARNING - Timeout reached for DOP853 on seed 0, error SQUARED
2025-04-02 14:01:00,479 - INFO - Execution finished for DOP853, seed 1, error ABS in 1814.81 seconds.
2025-04-02 14:01:01,002 - WARNING - Timeout reached for RK45 on seed 0, error SQUARED
2025-04-02 14:01:01,087 - INFO - Execution finished for DOP853, seed 0, error MABS in 1815.60 seconds.
2025-04-02 14:01:02,024 - INFO - Execution finished for DOP853, seed 0, error SQUARED in 1816.78 seconds.
2025-04-02 14:01:02,940 - WARNING - Timeout reached for RK45 on seed 0, error MABS
2025-04-02 14:01:04,553 - INFO - Execution finished for RK45, seed 0, error SQUARED in 1818.58 seconds.
2025-04-02 14:01:05,662 - INFO - Execution finished for RK45, seed 0, error MABS in 1820.51 seconds.
2025-04-02 14:01:06,834 - WARNING - Timeout reached for RK45 on seed 0, error ABS
2025-04-02 14:01:09,451 - INFO - Execution finished for RK45, seed 0, error ABS in 1824.44 seconds.
2025-04-02 14:01:12,031 - WARNING - Timeout reached for RK45 on seed 0, error MSE
2025-04-02 14:01:14,307 - INFO - Execution finished for RK45, seed 0, error MSE in 1829.61 seconds.
2025-04-02 14:18:34,774 - INFO - Sigma increased: 8.893429023487538
2025-04-02 14:21:03,226 - INFO - Sigma increased: 7.8005365423874915
2025-04-02 14:22:26,142 - INFO - Sigma increased: 5.53011681389779
2025-04-02 14:23:24,882 - INFO - Sigma increased: 7.874474058444428
2025-04-02 14:23:32,009 - INFO - Sigma increased: 7.036954203568452
2025-04-02 14:25:34,191 - INFO - Sigma increased: 3.276497056329962
2025-04-02 14:30:42,416 - WARNING - Force-stopping RK45 for seed 1, error MSE due to timeout.
2025-04-02 14:30:42,416 - INFO - Starting execution for: Solver=RK45, Error=ABS, Seed=3
2025-04-02 14:30:42,433 - WARNING - Force-stopping DOP853 for seed 1, error MSE due to timeout.
2025-04-02 14:30:42,433 - INFO - Starting execution for: Solver=DOP853, Error=ABS, Seed=3
2025-04-02 14:30:42,449 - WARNING - Force-stopping DOP853 for seed 1, error MABS due to timeout.
2025-04-02 14:30:42,449 - WARNING - Force-stopping RK45 for seed 1, error MABS due to timeout.
2025-04-02 14:30:42,449 - INFO - Starting execution for: Solver=RK45, Error=SQUARED, Seed=3
2025-04-02 14:30:42,466 - WARNING - Force-stopping RK45 for seed 2, error ABS due to timeout.
2025-04-02 14:30:42,466 - WARNING - Force-stopping DOP853 for seed 2, error ABS due to timeout.
2025-04-02 14:30:42,466 - INFO - Starting execution for: Solver=DOP853, Error=SQUARED, Seed=3
2025-04-02 14:30:42,466 - INFO - Starting execution for: Solver=RK45, Error=MSE, Seed=3
2025-04-02 14:30:42,466 - INFO - Starting execution for: Solver=DOP853, Error=MSE, Seed=3
2025-04-02 14:30:42,486 - WARNING - Force-stopping RK45 for seed 2, error SQUARED due to timeout.
2025-04-02 14:30:42,499 - INFO - Starting execution for: Solver=RK45, Error=MABS, Seed=3
2025-04-02 14:30:42,510 - WARNING - Force-stopping DOP853 for seed 2, error SQUARED due to timeout.
2025-04-02 14:30:42,514 - WARNING - Force-stopping RK45 for seed 2, error MSE due to timeout.
2025-04-02 14:30:42,516 - INFO - Starting execution for: Solver=DOP853, Error=MABS, Seed=3
2025-04-02 14:30:42,516 - INFO - Starting execution for: Solver=RK45, Error=ABS, Seed=4
2025-04-02 14:30:42,516 - WARNING - Force-stopping DOP853 for seed 2, error MSE due to timeout.
2025-04-02 14:30:42,531 - INFO - Starting execution for: Solver=DOP853, Error=ABS, Seed=4
2025-04-02 14:30:42,547 - WARNING - Force-stopping DOP853 for seed 2, error MABS due to timeout.
2025-04-02 14:30:42,547 - WARNING - Force-stopping RK45 for seed 2, error MABS due to timeout.
2025-04-02 14:30:42,562 - INFO - Starting execution for: Solver=RK45, Error=SQUARED, Seed=4
2025-04-02 14:30:42,562 - INFO - Starting execution for: Solver=DOP853, Error=SQUARED, Seed=4
2025-04-02 14:30:43,349 - WARNING - Timeout reached for RK45 on seed 1, error MSE
2025-04-02 14:30:44,464 - WARNING - Timeout reached for RK45 on seed 2, error MABS
2025-04-02 14:30:44,686 - WARNING - Timeout reached for RK45 on seed 2, error MSE
2025-04-02 14:30:45,716 - WARNING - Timeout reached for DOP853 on seed 2, error ABS
2025-04-02 14:30:47,027 - INFO - Execution finished for RK45, seed 1, error MSE in 1800.92 seconds.
2025-04-02 14:30:48,252 - WARNING - Timeout reached for DOP853 on seed 1, error MABS
2025-04-02 14:30:48,411 - INFO - Execution finished for RK45, seed 2, error MSE in 1802.11 seconds.
2025-04-02 14:30:48,816 - WARNING - Timeout reached for RK45 on seed 1, error MABS
2025-04-02 14:30:48,894 - INFO - Execution finished for RK45, seed 2, error MABS in 1801.89 seconds.
2025-04-02 14:30:48,944 - WARNING - Timeout reached for RK45 on seed 2, error ABS
2025-04-02 14:30:49,556 - INFO - Execution finished for DOP853, seed 2, error ABS in 1803.19 seconds.
2025-04-02 14:30:49,666 - WARNING - Timeout reached for DOP853 on seed 1, error MSE
2025-04-02 14:30:51,649 - INFO - Execution finished for DOP853, seed 1, error MABS in 1805.79 seconds.
2025-04-02 14:30:52,133 - INFO - Execution finished for RK45, seed 1, error MABS in 1806.34 seconds.
2025-04-02 14:30:52,321 - INFO - Execution finished for RK45, seed 2, error ABS in 1806.42 seconds.
2025-04-02 14:30:53,070 - INFO - Execution finished for DOP853, seed 1, error MSE in 1807.21 seconds.
2025-04-02 14:30:57,323 - WARNING - Timeout reached for DOP853 on seed 2, error MSE
2025-04-02 14:31:00,142 - INFO - Execution finished for DOP853, seed 2, error MSE in 1814.75 seconds.
2025-04-02 14:31:05,044 - WARNING - Timeout reached for DOP853 on seed 2, error MABS
2025-04-02 14:31:07,411 - INFO - Execution finished for DOP853, seed 2, error MABS in 1822.44 seconds.
2025-04-02 14:31:11,523 - WARNING - Timeout reached for RK45 on seed 2, error SQUARED
2025-04-02 14:31:14,521 - INFO - Execution finished for RK45, seed 2, error SQUARED in 1828.98 seconds.
2025-04-02 14:31:17,237 - WARNING - Timeout reached for DOP853 on seed 2, error SQUARED
2025-04-02 14:31:19,563 - INFO - Execution finished for DOP853, seed 2, error SQUARED in 1834.70 seconds.
2025-04-02 14:56:07,046 - INFO - Sigma increased: 2.0203910835517522
2025-04-02 15:00:29,690 - INFO - Sigma increased: 2.073580745487514
2025-04-02 15:00:42,424 - WARNING - Force-stopping RK45 for seed 3, error ABS due to timeout.
2025-04-02 15:00:42,424 - INFO - Starting execution for: Solver=RK45, Error=MSE, Seed=4
2025-04-02 15:00:42,456 - WARNING - Force-stopping RK45 for seed 3, error SQUARED due to timeout.
2025-04-02 15:00:42,457 - WARNING - Force-stopping DOP853 for seed 3, error ABS due to timeout.
2025-04-02 15:00:42,457 - INFO - Starting execution for: Solver=DOP853, Error=MSE, Seed=4
2025-04-02 15:00:42,457 - INFO - Starting execution for: Solver=RK45, Error=MABS, Seed=4
2025-04-02 15:00:42,474 - WARNING - Force-stopping DOP853 for seed 3, error SQUARED due to timeout.
2025-04-02 15:00:42,474 - INFO - Starting execution for: Solver=DOP853, Error=MABS, Seed=4
2025-04-02 15:00:42,491 - WARNING - Force-stopping RK45 for seed 3, error MSE due to timeout.
2025-04-02 15:00:42,497 - WARNING - Force-stopping DOP853 for seed 3, error MSE due to timeout.
2025-04-02 15:00:42,523 - WARNING - Force-stopping DOP853 for seed 3, error MABS due to timeout.
2025-04-02 15:00:42,523 - WARNING - Force-stopping RK45 for seed 3, error MABS due to timeout.
2025-04-02 15:00:42,539 - WARNING - Force-stopping RK45 for seed 4, error ABS due to timeout.
2025-04-02 15:00:42,555 - WARNING - Force-stopping DOP853 for seed 4, error ABS due to timeout.
2025-04-02 15:00:42,586 - WARNING - Force-stopping RK45 for seed 4, error SQUARED due to timeout.
2025-04-02 15:00:42,586 - WARNING - Force-stopping DOP853 for seed 4, error SQUARED due to timeout.
2025-04-02 15:00:42,800 - WARNING - Timeout reached for RK45 on seed 3, error ABS
2025-04-02 15:00:43,373 - INFO - Execution finished for RK45, seed 3, error ABS in 1800.37 seconds.
2025-04-02 15:00:43,787 - WARNING - Timeout reached for RK45 on seed 3, error SQUARED
2025-04-02 15:00:44,389 - INFO - Execution finished for RK45, seed 3, error SQUARED in 1801.32 seconds.
2025-04-02 15:00:44,405 - WARNING - Timeout reached for RK45 on seed 4, error ABS
2025-04-02 15:00:45,052 - WARNING - Timeout reached for DOP853 on seed 4, error SQUARED
2025-04-02 15:00:45,271 - WARNING - Timeout reached for DOP853 on seed 3, error MSE
2025-04-02 15:00:45,854 - WARNING - Timeout reached for DOP853 on seed 4, error ABS
2025-04-02 15:00:45,921 - INFO - Execution finished for DOP853, seed 3, error MSE in 1802.78 seconds.
2025-04-02 15:00:46,354 - WARNING - Timeout reached for DOP853 on seed 3, error SQUARED
2025-04-02 15:00:46,614 - WARNING - Timeout reached for RK45 on seed 3, error MABS
2025-04-02 15:00:46,692 - INFO - Execution finished for RK45, seed 4, error ABS in 1801.86 seconds.
2025-04-02 15:00:46,739 - WARNING - Timeout reached for RK45 on seed 3, error MSE
2025-04-02 15:00:46,999 - INFO - Execution finished for DOP853, seed 3, error SQUARED in 1803.85 seconds.
2025-04-02 15:00:47,082 - INFO - Execution finished for RK45, seed 3, error MABS in 1804.08 seconds.
2025-04-02 15:00:47,191 - INFO - Execution finished for RK45, seed 3, error MSE in 1804.22 seconds.
2025-04-02 15:00:47,332 - INFO - Execution finished for DOP853, seed 4, error SQUARED in 1802.46 seconds.
2025-04-02 15:00:47,644 - INFO - Execution finished for DOP853, seed 4, error ABS in 1803.29 seconds.
2025-04-02 15:00:49,503 - WARNING - Timeout reached for RK45 on seed 4, error SQUARED
2025-04-02 15:00:50,822 - INFO - Execution finished for RK45, seed 4, error SQUARED in 1806.89 seconds.
2025-04-02 15:00:51,672 - WARNING - Timeout reached for DOP853 on seed 3, error MABS
2025-04-02 15:00:52,012 - INFO - Execution finished for DOP853, seed 3, error MABS in 1809.11 seconds.
2025-04-02 15:00:54,154 - WARNING - Timeout reached for DOP853 on seed 3, error ABS
2025-04-02 15:00:54,430 - INFO - Execution finished for DOP853, seed 3, error ABS in 1811.70 seconds.
2025-04-02 15:08:42,567 - INFO - Sigma increased: 1.9453271629447324
2025-04-02 15:11:20,765 - INFO - Sigma increased: 4.279849835104197
2025-04-02 15:16:18,310 - INFO - Sigma increased: 1.8830596633743335
2025-04-02 15:16:31,587 - INFO - Sigma increased: 5.439069840678734
2025-04-02 15:17:09,167 - INFO - Sigma increased: 1
2025-04-02 15:17:11,118 - INFO - Sigma increased: 1.081312752849371
2025-04-02 15:19:04,359 - INFO - Sigma increased: 3.2228148297943733
2025-04-02 15:19:16,546 - INFO - Sigma increased: 3.94613363305285
2025-04-02 15:21:22,022 - INFO - Sigma increased: 5.054981134799971
2025-04-02 15:21:52,912 - INFO - Sigma increased: 5.68069481735706
2025-04-02 15:23:02,004 - INFO - Sigma increased: 5.988162719963453
2025-04-02 15:23:30,281 - INFO - Sigma increased: 5.821182876963245
2025-04-02 15:27:12,499 - INFO - Sigma increased: 7.799082891186638
2025-04-02 15:28:11,154 - INFO - Sigma increased: 6.883628220905784
2025-04-02 15:28:49,107 - INFO - Sigma increased: 7.928764921902718
2025-04-02 15:29:22,613 - INFO - Sigma increased: 7.324671188505976
2025-04-02 15:30:42,431 - WARNING - Force-stopping RK45 for seed 4, error MSE due to timeout.
2025-04-02 15:30:42,465 - WARNING - Force-stopping DOP853 for seed 4, error MSE due to timeout.
2025-04-02 15:30:42,480 - WARNING - Force-stopping RK45 for seed 4, error MABS due to timeout.
2025-04-02 15:30:42,497 - WARNING - Force-stopping DOP853 for seed 4, error MABS due to timeout.
2025-04-02 15:30:42,597 - WARNING - Timeout reached for RK45 on seed 4, error MABS
2025-04-02 15:30:43,333 - INFO - Execution finished for RK45, seed 4, error MABS in 1800.11 seconds.
2025-04-02 15:30:44,759 - WARNING - Timeout reached for DOP853 on seed 4, error MABS
2025-04-02 15:30:45,245 - INFO - Execution finished for DOP853, seed 4, error MABS in 1802.24 seconds.
2025-04-02 15:30:46,461 - WARNING - Timeout reached for DOP853 on seed 4, error MSE
2025-04-02 15:30:46,827 - INFO - Execution finished for DOP853, seed 4, error MSE in 1803.97 seconds.
2025-04-02 15:30:47,361 - WARNING - Timeout reached for RK45 on seed 4, error MSE
2025-04-02 15:30:47,504 - INFO - Execution finished for RK45, seed 4, error MSE in 1804.94 seconds.
2025-04-02 16:06:11,248 - INFO - Starting execution for: Solver=RK45, Error=ABS, Seed=0
2025-04-02 16:06:11,251 - INFO - Starting execution for: Solver=DOP853, Error=ABS, Seed=0
2025-04-02 16:06:11,252 - INFO - Starting execution for: Solver=RK45, Error=SQUARED, Seed=0
2025-04-02 16:06:11,254 - INFO - Starting execution for: Solver=DOP853, Error=SQUARED, Seed=0
2025-04-02 16:06:11,258 - INFO - Starting execution for: Solver=DOP853, Error=MSE, Seed=0
2025-04-02 16:06:11,258 - INFO - Starting execution for: Solver=RK45, Error=MSE, Seed=0
2025-04-02 16:06:11,273 - INFO - Starting execution for: Solver=DOP853, Error=MABS, Seed=0
2025-04-02 16:06:11,274 - INFO - Starting execution for: Solver=RK45, Error=MABS, Seed=0
2025-04-02 16:06:11,281 - INFO - Starting execution for: Solver=RK45, Error=ABS, Seed=1
2025-04-02 16:06:11,293 - INFO - Starting execution for: Solver=DOP853, Error=ABS, Seed=1
2025-04-02 16:06:11,293 - INFO - Starting execution for: Solver=DOP853, Error=SQUARED, Seed=1
2025-04-02 16:06:11,293 - INFO - Starting execution for: Solver=RK45, Error=SQUARED, Seed=1
2025-04-02 16:37:22,010 - INFO - Sigma increased: 1
2025-04-02 16:38:36,728 - INFO - Sigma increased: 1
2025-04-02 16:40:56,684 - INFO - Sigma increased: 2.621281580252892
2025-04-02 16:41:33,049 - INFO - Sigma increased: 1.915294460835895
2025-04-02 16:41:36,846 - INFO - Sigma increased: 1.8003811304387087
2025-04-02 16:42:53,877 - INFO - Sigma increased: 1.948835092201093
2025-04-02 16:45:25,818 - INFO - Sigma increased: 1.502171437895894
2025-04-02 16:51:18,182 - INFO - Sigma increased: 4.728240200199853
2025-04-02 16:51:31,102 - INFO - Sigma increased: 5.262208766443378
2025-04-02 16:51:35,211 - INFO - Sigma increased: 2.64158798826882
2025-04-02 16:55:13,002 - INFO - Sigma increased: 3.5413781726916316
2025-04-02 16:55:28,502 - INFO - Sigma increased: 4.646613236885489
2025-04-02 16:56:58,034 - INFO - Sigma increased: 2.466426846063142
2025-04-02 17:05:38,600 - INFO - Sigma increased: 6.060062367468911
2025-04-02 17:06:11,264 - WARNING - Force-stopping RK45 for seed 0, error ABS due to timeout.
2025-04-02 17:06:11,264 - WARNING - Force-stopping DOP853 for seed 0, error ABS due to timeout.
2025-04-02 17:06:11,264 - WARNING - Force-stopping RK45 for seed 0, error SQUARED due to timeout.
2025-04-02 17:06:11,264 - WARNING - Force-stopping DOP853 for seed 0, error SQUARED due to timeout.
2025-04-02 17:06:11,264 - INFO - Starting execution for: Solver=RK45, Error=MSE, Seed=1
2025-04-02 17:06:11,279 - WARNING - Force-stopping RK45 for seed 0, error MSE due to timeout.
2025-04-02 17:06:11,279 - WARNING - Force-stopping RK45 for seed 0, error MABS due to timeout.
2025-04-02 17:06:11,279 - WARNING - Force-stopping DOP853 for seed 0, error MABS due to timeout.
2025-04-02 17:06:11,279 - INFO - Starting execution for: Solver=DOP853, Error=MSE, Seed=1
2025-04-02 17:06:11,279 - INFO - Starting execution for: Solver=RK45, Error=MABS, Seed=1
2025-04-02 17:06:11,279 - INFO - Starting execution for: Solver=DOP853, Error=MABS, Seed=1
2025-04-02 17:06:11,279 - WARNING - Force-stopping DOP853 for seed 0, error MSE due to timeout.
2025-04-02 17:06:11,279 - INFO - Starting execution for: Solver=RK45, Error=ABS, Seed=2
2025-04-02 17:06:11,295 - INFO - Starting execution for: Solver=DOP853, Error=ABS, Seed=2
2025-04-02 17:06:11,295 - WARNING - Force-stopping RK45 for seed 1, error ABS due to timeout.
2025-04-02 17:06:11,295 - INFO - Starting execution for: Solver=RK45, Error=SQUARED, Seed=2
2025-04-02 17:06:11,295 - WARNING - Force-stopping DOP853 for seed 1, error ABS due to timeout.
2025-04-02 17:06:11,310 - WARNING - Force-stopping DOP853 for seed 1, error SQUARED due to timeout.
2025-04-02 17:06:11,310 - WARNING - Force-stopping RK45 for seed 1, error SQUARED due to timeout.
2025-04-02 17:06:11,310 - INFO - Starting execution for: Solver=DOP853, Error=SQUARED, Seed=2
2025-04-02 17:06:11,342 - INFO - Starting execution for: Solver=RK45, Error=MSE, Seed=2
2025-04-02 17:06:11,357 - INFO - Starting execution for: Solver=DOP853, Error=MSE, Seed=2
2025-04-02 17:06:11,357 - INFO - Starting execution for: Solver=RK45, Error=MABS, Seed=2
2025-04-02 17:06:11,373 - INFO - Starting execution for: Solver=DOP853, Error=MABS, Seed=2
2025-04-02 17:06:17,449 - WARNING - Timeout reached for RK45 on seed 0, error MABS
2025-04-02 17:06:18,105 - INFO - Execution finished for RK45, seed 0, error MABS in 3606.14 seconds.
2025-04-02 17:06:18,465 - WARNING - Timeout reached for RK45 on seed 0, error MSE
2025-04-02 17:06:18,480 - WARNING - Timeout reached for DOP853 on seed 0, error SQUARED
2025-04-02 17:06:19,027 - WARNING - Timeout reached for DOP853 on seed 0, error MSE
2025-04-02 17:06:22,324 - WARNING - Timeout reached for RK45 on seed 0, error ABS
2025-04-02 17:06:22,465 - INFO - Execution finished for DOP853, seed 0, error SQUARED in 3607.22 seconds.
2025-04-02 17:06:22,730 - INFO - Execution finished for DOP853, seed 0, error MSE in 3607.75 seconds.
2025-04-02 17:06:22,840 - INFO - Execution finished for RK45, seed 0, error MSE in 3607.20 seconds.
2025-04-02 17:06:25,840 - INFO - Execution finished for RK45, seed 0, error ABS in 3611.08 seconds.
2025-04-02 17:06:26,371 - WARNING - Timeout reached for DOP853 on seed 1, error SQUARED
2025-04-02 17:06:28,058 - WARNING - Timeout reached for DOP853 on seed 0, error MABS
2025-04-02 17:06:28,215 - WARNING - Timeout reached for RK45 on seed 1, error SQUARED
2025-04-02 17:06:29,277 - INFO - Execution finished for DOP853, seed 1, error SQUARED in 3615.05 seconds.
2025-04-02 17:06:29,433 - WARNING - Timeout reached for DOP853 on seed 1, error ABS
2025-04-02 17:06:29,961 - WARNING - Timeout reached for RK45 on seed 0, error SQUARED
2025-04-02 17:06:31,055 - INFO - Execution finished for DOP853, seed 0, error MABS in 3616.78 seconds.
2025-04-02 17:06:31,102 - INFO - Execution finished for RK45, seed 1, error SQUARED in 3616.83 seconds.
2025-04-02 17:06:32,352 - INFO - Execution finished for DOP853, seed 1, error ABS in 3618.10 seconds.
2025-04-02 17:06:33,118 - WARNING - Timeout reached for RK45 on seed 1, error ABS
2025-04-02 17:06:33,258 - INFO - Execution finished for RK45, seed 0, error SQUARED in 3618.70 seconds.
2025-04-02 17:06:35,586 - INFO - Execution finished for RK45, seed 1, error ABS in 3621.76 seconds.
2025-04-02 17:06:46,618 - WARNING - Timeout reached for DOP853 on seed 0, error ABS
2025-04-02 17:06:48,899 - INFO - Execution finished for DOP853, seed 0, error ABS in 3635.36 seconds.
2025-04-02 17:27:58,686 - INFO - Sigma increased: 7.799977871978198
2025-04-02 17:30:21,185 - INFO - Sigma increased: 6.234489421456568
2025-04-02 17:31:34,279 - INFO - Sigma increased: 1.7719355866488782
2025-04-02 17:32:52,343 - INFO - Sigma increased: 5.564797025549919
2025-04-02 17:41:13,094 - INFO - Sigma increased: 1
2025-04-02 17:43:48,675 - INFO - Sigma increased: 1.1981576138469126
2025-04-02 17:43:57,253 - INFO - Sigma increased: 3.9472201000746314
2025-04-02 17:44:47,882 - INFO - Sigma increased: 1.2377101814956735
2025-04-02 17:45:38,415 - INFO - Sigma increased: 1
2025-04-02 17:47:18,153 - INFO - Sigma increased: 3.092908201521154
2025-04-02 17:48:22,601 - INFO - Sigma increased: 6.525978103056694
2025-04-02 17:48:32,260 - INFO - Sigma increased: 3.636529579095206
2025-04-02 17:49:02,912 - INFO - Sigma increased: 1
2025-04-02 17:49:13,923 - INFO - Sigma increased: 6.335854283357811
2025-04-02 17:52:43,623 - INFO - Sigma increased: 3.5934216657937954
2025-04-02 17:53:12,031 - INFO - Sigma increased: 1
2025-04-02 17:57:34,105 - INFO - Sigma increased: 2.8735239207841436
2025-04-02 17:59:18,960 - INFO - Sigma increased: 5.643839997588605
2025-04-02 18:01:05,650 - INFO - Sigma increased: 6.933649463108499
2025-04-02 18:05:03,959 - INFO - Sigma increased: 5.18375277383111
2025-04-02 18:05:31,751 - INFO - Sigma increased: 6.868294071557029
2025-04-02 18:05:33,332 - INFO - Sigma increased: 2.6488360136333626
2025-04-02 18:06:11,283 - WARNING - Force-stopping RK45 for seed 1, error MSE due to timeout.
2025-04-02 18:06:11,300 - WARNING - Force-stopping DOP853 for seed 1, error MABS due to timeout.
2025-04-02 18:06:11,300 - WARNING - Force-stopping RK45 for seed 2, error ABS due to timeout.
2025-04-02 18:06:11,300 - INFO - Starting execution for: Solver=RK45, Error=ABS, Seed=3
2025-04-02 18:06:11,300 - WARNING - Force-stopping RK45 for seed 1, error MABS due to timeout.
2025-04-02 18:06:11,301 - WARNING - Force-stopping DOP853 for seed 1, error MSE due to timeout.
2025-04-02 18:06:11,304 - WARNING - Force-stopping DOP853 for seed 2, error ABS due to timeout.
2025-04-02 18:06:11,307 - INFO - Starting execution for: Solver=DOP853, Error=ABS, Seed=3
2025-04-02 18:06:11,314 - INFO - Starting execution for: Solver=RK45, Error=SQUARED, Seed=3
2025-04-02 18:06:11,316 - INFO - Starting execution for: Solver=DOP853, Error=SQUARED, Seed=3
2025-04-02 18:06:11,316 - WARNING - Force-stopping RK45 for seed 2, error SQUARED due to timeout.
2025-04-02 18:06:11,316 - INFO - Starting execution for: Solver=RK45, Error=MSE, Seed=3
2025-04-02 18:06:11,316 - INFO - Starting execution for: Solver=DOP853, Error=MSE, Seed=3
2025-04-02 18:06:11,332 - WARNING - Force-stopping DOP853 for seed 2, error SQUARED due to timeout.
2025-04-02 18:06:11,349 - INFO - Starting execution for: Solver=RK45, Error=MABS, Seed=3
2025-04-02 18:06:11,349 - WARNING - Force-stopping RK45 for seed 2, error MSE due to timeout.
2025-04-02 18:06:11,366 - WARNING - Force-stopping DOP853 for seed 2, error MSE due to timeout.
2025-04-02 18:06:11,366 - INFO - Starting execution for: Solver=DOP853, Error=MABS, Seed=3
2025-04-02 18:06:11,382 - INFO - Starting execution for: Solver=RK45, Error=ABS, Seed=4
2025-04-02 18:06:11,383 - INFO - Starting execution for: Solver=DOP853, Error=ABS, Seed=4
2025-04-02 18:06:11,383 - WARNING - Force-stopping RK45 for seed 2, error MABS due to timeout.
2025-04-02 18:06:11,399 - WARNING - Force-stopping DOP853 for seed 2, error MABS due to timeout.
2025-04-02 18:06:11,433 - INFO - Starting execution for: Solver=RK45, Error=SQUARED, Seed=4
2025-04-02 18:06:11,433 - INFO - Starting execution for: Solver=DOP853, Error=SQUARED, Seed=4
2025-04-02 18:06:11,816 - WARNING - Timeout reached for DOP853 on seed 2, error MSE
2025-04-02 18:06:15,046 - WARNING - Timeout reached for RK45 on seed 2, error SQUARED
2025-04-02 18:06:15,814 - INFO - Execution finished for DOP853, seed 2, error MSE in 3600.41 seconds.
2025-04-02 18:06:19,109 - INFO - Execution finished for RK45, seed 2, error SQUARED in 3603.67 seconds.
2025-04-02 18:06:19,209 - WARNING - Timeout reached for RK45 on seed 1, error MABS
2025-04-02 18:06:19,259 - WARNING - Timeout reached for DOP853 on seed 2, error SQUARED
2025-04-02 18:06:21,424 - WARNING - Timeout reached for DOP853 on seed 1, error MABS
2025-04-02 18:06:22,756 - INFO - Execution finished for DOP853, seed 2, error SQUARED in 3607.85 seconds.
2025-04-02 18:06:22,889 - WARNING - Timeout reached for RK45 on seed 2, error MSE
2025-04-02 18:06:22,926 - INFO - Execution finished for RK45, seed 1, error MABS in 3607.90 seconds.
2025-04-02 18:06:24,654 - INFO - Execution finished for DOP853, seed 1, error MABS in 3610.12 seconds.
2025-04-02 18:06:26,519 - INFO - Execution finished for RK45, seed 2, error MSE in 3611.47 seconds.
2025-04-02 18:06:31,249 - WARNING - Timeout reached for RK45 on seed 2, error MABS
2025-04-02 18:06:31,548 - WARNING - Timeout reached for DOP853 on seed 1, error MSE
2025-04-02 18:06:34,263 - INFO - Execution finished for RK45, seed 2, error MABS in 3619.83 seconds.
2025-04-02 18:06:34,462 - INFO - Execution finished for DOP853, seed 1, error MSE in 3620.22 seconds.
2025-04-02 18:06:34,462 - WARNING - Timeout reached for RK45 on seed 1, error MSE
2025-04-02 18:06:36,877 - WARNING - Timeout reached for DOP853 on seed 2, error MABS
2025-04-02 18:06:37,443 - INFO - Execution finished for RK45, seed 1, error MSE in 3623.18 seconds.
2025-04-02 18:06:39,325 - INFO - Execution finished for DOP853, seed 2, error MABS in 3625.46 seconds.
2025-04-02 18:06:41,073 - WARNING - Timeout reached for DOP853 on seed 2, error ABS
2025-04-02 18:06:43,345 - INFO - Execution finished for DOP853, seed 2, error ABS in 3629.73 seconds.
2025-04-02 18:06:44,087 - WARNING - Timeout reached for RK45 on seed 2, error ABS
2025-04-02 18:06:46,668 - INFO - Execution finished for RK45, seed 2, error ABS in 3632.76 seconds.
2025-04-02 18:27:51,611 - INFO - Sigma increased: 8.197512284754575
2025-04-02 18:30:11,489 - INFO - Sigma increased: 7.743819907513478
2025-04-02 18:31:57,846 - INFO - Sigma increased: 6.49405290886187
2025-04-02 18:32:54,296 - INFO - Sigma increased: 3.517055182920854
2025-04-02 18:35:19,437 - INFO - Sigma increased: 3.1496518924625807
2025-04-02 18:38:07,589 - INFO - Sigma increased: 1.2900489557559789
2025-04-02 18:39:39,499 - INFO - Sigma increased: 2.13269349907819
