2025-03-13 15:48:22,363 - INFO - Starting execution for: Solver=RK45, Error=ABS, Seed=0
2025-03-13 15:48:22,363 - INFO - Starting execution for: Solver=RK45, Error=SQUARED, Seed=0
2025-03-13 15:48:22,379 - INFO - Starting execution for: Solver=RK45, Error=MSE, Seed=0
2025-03-13 15:48:22,380 - INFO - Starting execution for: Solver=RK45, Error=MABS, Seed=0
2025-03-13 15:48:22,380 - INFO - Starting execution for: Solver=RK45, Error=ABS, Seed=1
2025-03-13 15:48:22,380 - INFO - Starting execution for: Solver=RK45, Error=SQUARED, Seed=1
2025-03-13 15:48:22,380 - INFO - Starting execution for: Solver=RK45, Error=MSE, Seed=1
2025-03-13 15:48:22,380 - INFO - Starting execution for: Solver=RK45, Error=ABS, Seed=2
2025-03-13 15:48:22,380 - INFO - Starting execution for: Solver=RK45, Error=MABS, Seed=1
2025-03-13 15:48:22,380 - INFO - Starting execution for: Solver=RK45, Error=SQUARED, Seed=2
2025-03-13 15:48:22,380 - INFO - Starting execution for: Solver=RK45, Error=MSE, Seed=2
2025-03-13 15:48:22,380 - INFO - Starting execution for: Solver=RK45, Error=MABS, Seed=2
2025-03-13 15:48:22,401 - ERROR - Unexpected error: operands could not be broadcast together with shapes (19,) (40,) 
Traceback (most recent call last):
  File "C:\Users\anabi\AppData\Local\Temp\ipykernel_8640\104636929.py", line 41, in run_evolution
    toolbox.update(population)
  File "C:\Users\anabi\AppData\Local\Packages\PythonSoftwareFoundation.Python.3.10_qbz5n2kfra8p0\LocalCache\local-packages\Python310\site-packages\deap\cma.py", line 138, in update
    c_diff = self.centroid - old_centroid
ValueError: operands could not be broadcast together with shapes (19,) (40,) 
2025-03-13 15:48:22,416 - ERROR - Unexpected error: operands could not be broadcast together with shapes (19,) (40,) 
Traceback (most recent call last):
  File "C:\Users\anabi\AppData\Local\Temp\ipykernel_8640\104636929.py", line 41, in run_evolution
    toolbox.update(population)
  File "C:\Users\anabi\AppData\Local\Packages\PythonSoftwareFoundation.Python.3.10_qbz5n2kfra8p0\LocalCache\local-packages\Python310\site-packages\deap\cma.py", line 138, in update
    c_diff = self.centroid - old_centroid
ValueError: operands could not be broadcast together with shapes (19,) (40,) 
2025-03-13 15:48:22,416 - ERROR - Unexpected error: operands could not be broadcast together with shapes (19,) (40,) 
Traceback (most recent call last):
  File "C:\Users\anabi\AppData\Local\Temp\ipykernel_8640\104636929.py", line 41, in run_evolution
    toolbox.update(population)
  File "C:\Users\anabi\AppData\Local\Packages\PythonSoftwareFoundation.Python.3.10_qbz5n2kfra8p0\LocalCache\local-packages\Python310\site-packages\deap\cma.py", line 138, in update
    c_diff = self.centroid - old_centroid
ValueError: operands could not be broadcast together with shapes (19,) (40,) 
2025-03-13 15:48:22,429 - ERROR - Unexpected error: operands could not be broadcast together with shapes (19,) (40,) 
Traceback (most recent call last):
  File "C:\Users\anabi\AppData\Local\Temp\ipykernel_8640\104636929.py", line 41, in run_evolution
    toolbox.update(population)
  File "C:\Users\anabi\AppData\Local\Packages\PythonSoftwareFoundation.Python.3.10_qbz5n2kfra8p0\LocalCache\local-packages\Python310\site-packages\deap\cma.py", line 138, in update
    c_diff = self.centroid - old_centroid
ValueError: operands could not be broadcast together with shapes (19,) (40,) 
2025-03-13 15:48:22,430 - ERROR - Unexpected error: operands could not be broadcast together with shapes (19,) (40,) 
Traceback (most recent call last):
  File "C:\Users\anabi\AppData\Local\Temp\ipykernel_8640\104636929.py", line 41, in run_evolution
    toolbox.update(population)
  File "C:\Users\anabi\AppData\Local\Packages\PythonSoftwareFoundation.Python.3.10_qbz5n2kfra8p0\LocalCache\local-packages\Python310\site-packages\deap\cma.py", line 138, in update
    c_diff = self.centroid - old_centroid
ValueError: operands could not be broadcast together with shapes (19,) (40,) 
2025-03-13 15:48:22,430 - ERROR - Unexpected error: operands could not be broadcast together with shapes (19,) (40,) 
Traceback (most recent call last):
  File "C:\Users\anabi\AppData\Local\Temp\ipykernel_8640\104636929.py", line 41, in run_evolution
    toolbox.update(population)
  File "C:\Users\anabi\AppData\Local\Packages\PythonSoftwareFoundation.Python.3.10_qbz5n2kfra8p0\LocalCache\local-packages\Python310\site-packages\deap\cma.py", line 138, in update
    c_diff = self.centroid - old_centroid
ValueError: operands could not be broadcast together with shapes (19,) (40,) 
2025-03-13 15:48:22,446 - ERROR - Unexpected error: operands could not be broadcast together with shapes (19,) (40,) 
Traceback (most recent call last):
  File "C:\Users\anabi\AppData\Local\Temp\ipykernel_8640\104636929.py", line 41, in run_evolution
    toolbox.update(population)
  File "C:\Users\anabi\AppData\Local\Packages\PythonSoftwareFoundation.Python.3.10_qbz5n2kfra8p0\LocalCache\local-packages\Python310\site-packages\deap\cma.py", line 138, in update
    c_diff = self.centroid - old_centroid
ValueError: operands could not be broadcast together with shapes (19,) (40,) 
2025-03-13 15:48:22,446 - ERROR - Unexpected error: operands could not be broadcast together with shapes (19,) (40,) 
Traceback (most recent call last):
  File "C:\Users\anabi\AppData\Local\Temp\ipykernel_8640\104636929.py", line 41, in run_evolution
    toolbox.update(population)
  File "C:\Users\anabi\AppData\Local\Packages\PythonSoftwareFoundation.Python.3.10_qbz5n2kfra8p0\LocalCache\local-packages\Python310\site-packages\deap\cma.py", line 138, in update
    c_diff = self.centroid - old_centroid
ValueError: operands could not be broadcast together with shapes (19,) (40,) 
2025-03-13 15:48:22,463 - ERROR - Unexpected error: operands could not be broadcast together with shapes (19,) (40,) 
Traceback (most recent call last):
  File "C:\Users\anabi\AppData\Local\Temp\ipykernel_8640\104636929.py", line 41, in run_evolution
    toolbox.update(population)
  File "C:\Users\anabi\AppData\Local\Packages\PythonSoftwareFoundation.Python.3.10_qbz5n2kfra8p0\LocalCache\local-packages\Python310\site-packages\deap\cma.py", line 138, in update
    c_diff = self.centroid - old_centroid
ValueError: operands could not be broadcast together with shapes (19,) (40,) 
2025-03-13 15:48:22,467 - ERROR - Unexpected error: operands could not be broadcast together with shapes (19,) (40,) 
Traceback (most recent call last):
  File "C:\Users\anabi\AppData\Local\Temp\ipykernel_8640\104636929.py", line 41, in run_evolution
    toolbox.update(population)
  File "C:\Users\anabi\AppData\Local\Packages\PythonSoftwareFoundation.Python.3.10_qbz5n2kfra8p0\LocalCache\local-packages\Python310\site-packages\deap\cma.py", line 138, in update
    c_diff = self.centroid - old_centroid
ValueError: operands could not be broadcast together with shapes (19,) (40,) 
2025-03-13 15:48:22,467 - ERROR - Unexpected error: operands could not be broadcast together with shapes (19,) (40,) 
Traceback (most recent call last):
  File "C:\Users\anabi\AppData\Local\Temp\ipykernel_8640\104636929.py", line 41, in run_evolution
    toolbox.update(population)
  File "C:\Users\anabi\AppData\Local\Packages\PythonSoftwareFoundation.Python.3.10_qbz5n2kfra8p0\LocalCache\local-packages\Python310\site-packages\deap\cma.py", line 138, in update
    c_diff = self.centroid - old_centroid
ValueError: operands could not be broadcast together with shapes (19,) (40,) 
2025-03-13 15:48:22,479 - ERROR - Unexpected error: operands could not be broadcast together with shapes (19,) (40,) 
Traceback (most recent call last):
  File "C:\Users\anabi\AppData\Local\Temp\ipykernel_8640\104636929.py", line 41, in run_evolution
    toolbox.update(population)
  File "C:\Users\anabi\AppData\Local\Packages\PythonSoftwareFoundation.Python.3.10_qbz5n2kfra8p0\LocalCache\local-packages\Python310\site-packages\deap\cma.py", line 138, in update
    c_diff = self.centroid - old_centroid
ValueError: operands could not be broadcast together with shapes (19,) (40,) 
2025-03-13 15:48:22,513 - WARNING - WARNING: No results stored for RK45, seed 0, error MABS.
2025-03-13 15:48:22,513 - WARNING - WARNING: No results stored for RK45, seed 1, error SQUARED.
2025-03-13 15:48:22,513 - INFO - Starting execution for: Solver=RK45, Error=SQUARED, Seed=3
2025-03-13 15:48:22,513 - WARNING - WARNING: No results stored for RK45, seed 1, error MABS.
2025-03-13 15:48:22,513 - INFO - Starting execution for: Solver=RK45, Error=MSE, Seed=3
2025-03-13 15:48:22,513 - INFO - Starting execution for: Solver=RK45, Error=ABS, Seed=3
2025-03-13 15:48:22,535 - ERROR - Unexpected error: operands could not be broadcast together with shapes (19,) (40,) 
Traceback (most recent call last):
  File "C:\Users\anabi\AppData\Local\Temp\ipykernel_8640\104636929.py", line 41, in run_evolution
    toolbox.update(population)
  File "C:\Users\anabi\AppData\Local\Packages\PythonSoftwareFoundation.Python.3.10_qbz5n2kfra8p0\LocalCache\local-packages\Python310\site-packages\deap\cma.py", line 138, in update
    c_diff = self.centroid - old_centroid
ValueError: operands could not be broadcast together with shapes (19,) (40,) 
2025-03-13 15:48:22,535 - WARNING - WARNING: No results stored for RK45, seed 0, error ABS.
2025-03-13 15:48:22,535 - WARNING - WARNING: No results stored for RK45, seed 1, error ABS.
2025-03-13 15:48:22,535 - WARNING - WARNING: No results stored for RK45, seed 0, error MSE.
2025-03-13 15:48:22,535 - INFO - Starting execution for: Solver=RK45, Error=SQUARED, Seed=4
2025-03-13 15:48:22,535 - WARNING - WARNING: No results stored for RK45, seed 2, error MSE.
2025-03-13 15:48:22,551 - WARNING - WARNING: No results stored for RK45, seed 2, error MABS.
2025-03-13 15:48:22,552 - ERROR - Unexpected error: operands could not be broadcast together with shapes (19,) (40,) 
Traceback (most recent call last):
  File "C:\Users\anabi\AppData\Local\Temp\ipykernel_8640\104636929.py", line 41, in run_evolution
    toolbox.update(population)
  File "C:\Users\anabi\AppData\Local\Packages\PythonSoftwareFoundation.Python.3.10_qbz5n2kfra8p0\LocalCache\local-packages\Python310\site-packages\deap\cma.py", line 138, in update
    c_diff = self.centroid - old_centroid
ValueError: operands could not be broadcast together with shapes (19,) (40,) 
2025-03-13 15:48:22,552 - INFO - Starting execution for: Solver=RK45, Error=ABS, Seed=4
2025-03-13 15:48:22,552 - INFO - Starting execution for: Solver=RK45, Error=MABS, Seed=4
2025-03-13 15:48:22,552 - INFO - Starting execution for: Solver=RK45, Error=MABS, Seed=3
2025-03-13 15:48:22,552 - ERROR - Unexpected error: operands could not be broadcast together with shapes (19,) (40,) 
Traceback (most recent call last):
  File "C:\Users\anabi\AppData\Local\Temp\ipykernel_8640\104636929.py", line 41, in run_evolution
    toolbox.update(population)
  File "C:\Users\anabi\AppData\Local\Packages\PythonSoftwareFoundation.Python.3.10_qbz5n2kfra8p0\LocalCache\local-packages\Python310\site-packages\deap\cma.py", line 138, in update
    c_diff = self.centroid - old_centroid
ValueError: operands could not be broadcast together with shapes (19,) (40,) 
2025-03-13 15:48:22,563 - INFO - Starting execution for: Solver=RK45, Error=MSE, Seed=4
2025-03-13 15:48:22,563 - WARNING - WARNING: No results stored for RK45, seed 0, error SQUARED.
2025-03-13 15:48:22,563 - ERROR - Unexpected error: operands could not be broadcast together with shapes (19,) (40,) 
Traceback (most recent call last):
  File "C:\Users\anabi\AppData\Local\Temp\ipykernel_8640\104636929.py", line 41, in run_evolution
    toolbox.update(population)
  File "C:\Users\anabi\AppData\Local\Packages\PythonSoftwareFoundation.Python.3.10_qbz5n2kfra8p0\LocalCache\local-packages\Python310\site-packages\deap\cma.py", line 138, in update
    c_diff = self.centroid - old_centroid
ValueError: operands could not be broadcast together with shapes (19,) (40,) 
2025-03-13 15:48:22,563 - WARNING - WARNING: No results stored for RK45, seed 1, error MSE.
2025-03-13 15:48:22,583 - ERROR - Unexpected error: operands could not be broadcast together with shapes (19,) (40,) 
Traceback (most recent call last):
  File "C:\Users\anabi\AppData\Local\Temp\ipykernel_8640\104636929.py", line 41, in run_evolution
    toolbox.update(population)
  File "C:\Users\anabi\AppData\Local\Packages\PythonSoftwareFoundation.Python.3.10_qbz5n2kfra8p0\LocalCache\local-packages\Python310\site-packages\deap\cma.py", line 138, in update
    c_diff = self.centroid - old_centroid
ValueError: operands could not be broadcast together with shapes (19,) (40,) 
2025-03-13 15:48:22,583 - ERROR - Unexpected error: operands could not be broadcast together with shapes (19,) (40,) 
Traceback (most recent call last):
  File "C:\Users\anabi\AppData\Local\Temp\ipykernel_8640\104636929.py", line 41, in run_evolution
    toolbox.update(population)
  File "C:\Users\anabi\AppData\Local\Packages\PythonSoftwareFoundation.Python.3.10_qbz5n2kfra8p0\LocalCache\local-packages\Python310\site-packages\deap\cma.py", line 138, in update
    c_diff = self.centroid - old_centroid
ValueError: operands could not be broadcast together with shapes (19,) (40,) 
2025-03-13 15:48:22,583 - INFO - Starting execution for: Solver=RK45, Error=ABS, Seed=5
2025-03-13 15:48:22,595 - WARNING - WARNING: No results stored for RK45, seed 2, error SQUARED.
2025-03-13 15:48:22,598 - ERROR - Unexpected error: operands could not be broadcast together with shapes (19,) (40,) 
Traceback (most recent call last):
  File "C:\Users\anabi\AppData\Local\Temp\ipykernel_8640\104636929.py", line 41, in run_evolution
    toolbox.update(population)
  File "C:\Users\anabi\AppData\Local\Packages\PythonSoftwareFoundation.Python.3.10_qbz5n2kfra8p0\LocalCache\local-packages\Python310\site-packages\deap\cma.py", line 138, in update
    c_diff = self.centroid - old_centroid
ValueError: operands could not be broadcast together with shapes (19,) (40,) 
2025-03-13 15:48:22,598 - WARNING - WARNING: No results stored for RK45, seed 2, error ABS.
2025-03-13 15:48:22,612 - ERROR - Unexpected error: operands could not be broadcast together with shapes (19,) (40,) 
Traceback (most recent call last):
  File "C:\Users\anabi\AppData\Local\Temp\ipykernel_8640\104636929.py", line 41, in run_evolution
    toolbox.update(population)
  File "C:\Users\anabi\AppData\Local\Packages\PythonSoftwareFoundation.Python.3.10_qbz5n2kfra8p0\LocalCache\local-packages\Python310\site-packages\deap\cma.py", line 138, in update
    c_diff = self.centroid - old_centroid
ValueError: operands could not be broadcast together with shapes (19,) (40,) 
2025-03-13 15:48:22,613 - INFO - Starting execution for: Solver=RK45, Error=SQUARED, Seed=5
2025-03-13 15:48:22,613 - INFO - Starting execution for: Solver=RK45, Error=MSE, Seed=5
2025-03-13 15:48:22,629 - ERROR - Unexpected error: operands could not be broadcast together with shapes (19,) (40,) 
Traceback (most recent call last):
  File "C:\Users\anabi\AppData\Local\Temp\ipykernel_8640\104636929.py", line 41, in run_evolution
    toolbox.update(population)
  File "C:\Users\anabi\AppData\Local\Packages\PythonSoftwareFoundation.Python.3.10_qbz5n2kfra8p0\LocalCache\local-packages\Python310\site-packages\deap\cma.py", line 138, in update
    c_diff = self.centroid - old_centroid
ValueError: operands could not be broadcast together with shapes (19,) (40,) 
2025-03-13 15:48:22,629 - INFO - Starting execution for: Solver=RK45, Error=MABS, Seed=5
2025-03-13 15:48:22,629 - WARNING - WARNING: No results stored for RK45, seed 3, error ABS.
2025-03-13 15:48:22,646 - ERROR - Unexpected error: operands could not be broadcast together with shapes (19,) (40,) 
Traceback (most recent call last):
  File "C:\Users\anabi\AppData\Local\Temp\ipykernel_8640\104636929.py", line 41, in run_evolution
    toolbox.update(population)
  File "C:\Users\anabi\AppData\Local\Packages\PythonSoftwareFoundation.Python.3.10_qbz5n2kfra8p0\LocalCache\local-packages\Python310\site-packages\deap\cma.py", line 138, in update
    c_diff = self.centroid - old_centroid
ValueError: operands could not be broadcast together with shapes (19,) (40,) 
2025-03-13 15:48:22,646 - INFO - Starting execution for: Solver=RK45, Error=ABS, Seed=6
2025-03-13 15:48:22,646 - ERROR - Unexpected error: operands could not be broadcast together with shapes (19,) (40,) 
Traceback (most recent call last):
  File "C:\Users\anabi\AppData\Local\Temp\ipykernel_8640\104636929.py", line 41, in run_evolution
    toolbox.update(population)
  File "C:\Users\anabi\AppData\Local\Packages\PythonSoftwareFoundation.Python.3.10_qbz5n2kfra8p0\LocalCache\local-packages\Python310\site-packages\deap\cma.py", line 138, in update
    c_diff = self.centroid - old_centroid
ValueError: operands could not be broadcast together with shapes (19,) (40,) 
2025-03-13 15:48:22,646 - WARNING - WARNING: No results stored for RK45, seed 3, error SQUARED.
2025-03-13 15:48:22,661 - INFO - Starting execution for: Solver=RK45, Error=SQUARED, Seed=6
2025-03-13 15:48:22,668 - ERROR - Unexpected error: operands could not be broadcast together with shapes (19,) (40,) 
Traceback (most recent call last):
  File "C:\Users\anabi\AppData\Local\Temp\ipykernel_8640\104636929.py", line 41, in run_evolution
    toolbox.update(population)
  File "C:\Users\anabi\AppData\Local\Packages\PythonSoftwareFoundation.Python.3.10_qbz5n2kfra8p0\LocalCache\local-packages\Python310\site-packages\deap\cma.py", line 138, in update
    c_diff = self.centroid - old_centroid
ValueError: operands could not be broadcast together with shapes (19,) (40,) 
2025-03-13 15:48:22,669 - WARNING - WARNING: No results stored for RK45, seed 4, error SQUARED.
2025-03-13 15:48:22,679 - ERROR - Unexpected error: operands could not be broadcast together with shapes (19,) (40,) 
Traceback (most recent call last):
  File "C:\Users\anabi\AppData\Local\Temp\ipykernel_8640\104636929.py", line 41, in run_evolution
    toolbox.update(population)
  File "C:\Users\anabi\AppData\Local\Packages\PythonSoftwareFoundation.Python.3.10_qbz5n2kfra8p0\LocalCache\local-packages\Python310\site-packages\deap\cma.py", line 138, in update
    c_diff = self.centroid - old_centroid
ValueError: operands could not be broadcast together with shapes (19,) (40,) 
2025-03-13 15:48:22,680 - WARNING - WARNING: No results stored for RK45, seed 3, error MSE.
2025-03-13 15:48:22,685 - ERROR - Unexpected error: operands could not be broadcast together with shapes (19,) (40,) 
Traceback (most recent call last):
  File "C:\Users\anabi\AppData\Local\Temp\ipykernel_8640\104636929.py", line 41, in run_evolution
    toolbox.update(population)
  File "C:\Users\anabi\AppData\Local\Packages\PythonSoftwareFoundation.Python.3.10_qbz5n2kfra8p0\LocalCache\local-packages\Python310\site-packages\deap\cma.py", line 138, in update
    c_diff = self.centroid - old_centroid
ValueError: operands could not be broadcast together with shapes (19,) (40,) 
2025-03-13 15:48:22,685 - INFO - Starting execution for: Solver=RK45, Error=MSE, Seed=6
2025-03-13 15:48:22,697 - INFO - Starting execution for: Solver=RK45, Error=MABS, Seed=6
2025-03-13 15:48:22,697 - WARNING - WARNING: No results stored for RK45, seed 4, error ABS.
2025-03-13 15:48:22,697 - WARNING - WARNING: No results stored for RK45, seed 3, error MABS.
2025-03-13 15:48:22,697 - WARNING - WARNING: No results stored for RK45, seed 4, error MABS.
2025-03-13 15:48:22,697 - WARNING - WARNING: No results stored for RK45, seed 4, error MSE.
2025-03-13 15:48:22,697 - INFO - Starting execution for: Solver=RK45, Error=ABS, Seed=7
2025-03-13 15:48:22,697 - INFO - Starting execution for: Solver=RK45, Error=SQUARED, Seed=7
2025-03-13 15:48:22,713 - ERROR - Unexpected error: operands could not be broadcast together with shapes (19,) (40,) 
Traceback (most recent call last):
  File "C:\Users\anabi\AppData\Local\Temp\ipykernel_8640\104636929.py", line 41, in run_evolution
    toolbox.update(population)
  File "C:\Users\anabi\AppData\Local\Packages\PythonSoftwareFoundation.Python.3.10_qbz5n2kfra8p0\LocalCache\local-packages\Python310\site-packages\deap\cma.py", line 138, in update
    c_diff = self.centroid - old_centroid
ValueError: operands could not be broadcast together with shapes (19,) (40,) 
2025-03-13 15:48:22,713 - ERROR - Unexpected error: operands could not be broadcast together with shapes (19,) (40,) 
Traceback (most recent call last):
  File "C:\Users\anabi\AppData\Local\Temp\ipykernel_8640\104636929.py", line 41, in run_evolution
    toolbox.update(population)
  File "C:\Users\anabi\AppData\Local\Packages\PythonSoftwareFoundation.Python.3.10_qbz5n2kfra8p0\LocalCache\local-packages\Python310\site-packages\deap\cma.py", line 138, in update
    c_diff = self.centroid - old_centroid
ValueError: operands could not be broadcast together with shapes (19,) (40,) 
2025-03-13 15:48:22,728 - INFO - Starting execution for: Solver=RK45, Error=MSE, Seed=7
2025-03-13 15:48:22,729 - WARNING - WARNING: No results stored for RK45, seed 5, error ABS.
2025-03-13 15:48:22,729 - INFO - Starting execution for: Solver=RK45, Error=MABS, Seed=7
2025-03-13 15:48:22,729 - INFO - Starting execution for: Solver=RK45, Error=ABS, Seed=8
2025-03-13 15:48:22,729 - ERROR - Unexpected error: operands could not be broadcast together with shapes (19,) (40,) 
Traceback (most recent call last):
  File "C:\Users\anabi\AppData\Local\Temp\ipykernel_8640\104636929.py", line 41, in run_evolution
    toolbox.update(population)
  File "C:\Users\anabi\AppData\Local\Packages\PythonSoftwareFoundation.Python.3.10_qbz5n2kfra8p0\LocalCache\local-packages\Python310\site-packages\deap\cma.py", line 138, in update
    c_diff = self.centroid - old_centroid
ValueError: operands could not be broadcast together with shapes (19,) (40,) 
2025-03-13 15:48:22,746 - ERROR - Unexpected error: operands could not be broadcast together with shapes (19,) (40,) 
Traceback (most recent call last):
  File "C:\Users\anabi\AppData\Local\Temp\ipykernel_8640\104636929.py", line 41, in run_evolution
    toolbox.update(population)
  File "C:\Users\anabi\AppData\Local\Packages\PythonSoftwareFoundation.Python.3.10_qbz5n2kfra8p0\LocalCache\local-packages\Python310\site-packages\deap\cma.py", line 138, in update
    c_diff = self.centroid - old_centroid
ValueError: operands could not be broadcast together with shapes (19,) (40,) 
2025-03-13 15:48:22,746 - ERROR - Unexpected error: operands could not be broadcast together with shapes (19,) (40,) 
Traceback (most recent call last):
  File "C:\Users\anabi\AppData\Local\Temp\ipykernel_8640\104636929.py", line 41, in run_evolution
    toolbox.update(population)
  File "C:\Users\anabi\AppData\Local\Packages\PythonSoftwareFoundation.Python.3.10_qbz5n2kfra8p0\LocalCache\local-packages\Python310\site-packages\deap\cma.py", line 138, in update
    c_diff = self.centroid - old_centroid
ValueError: operands could not be broadcast together with shapes (19,) (40,) 
2025-03-13 15:48:22,766 - ERROR - Unexpected error: operands could not be broadcast together with shapes (19,) (40,) 
Traceback (most recent call last):
  File "C:\Users\anabi\AppData\Local\Temp\ipykernel_8640\104636929.py", line 41, in run_evolution
    toolbox.update(population)
  File "C:\Users\anabi\AppData\Local\Packages\PythonSoftwareFoundation.Python.3.10_qbz5n2kfra8p0\LocalCache\local-packages\Python310\site-packages\deap\cma.py", line 138, in update
    c_diff = self.centroid - old_centroid
ValueError: operands could not be broadcast together with shapes (19,) (40,) 
2025-03-13 15:48:22,767 - ERROR - Unexpected error: operands could not be broadcast together with shapes (19,) (40,) 
Traceback (most recent call last):
  File "C:\Users\anabi\AppData\Local\Temp\ipykernel_8640\104636929.py", line 41, in run_evolution
    toolbox.update(population)
  File "C:\Users\anabi\AppData\Local\Packages\PythonSoftwareFoundation.Python.3.10_qbz5n2kfra8p0\LocalCache\local-packages\Python310\site-packages\deap\cma.py", line 138, in update
    c_diff = self.centroid - old_centroid
ValueError: operands could not be broadcast together with shapes (19,) (40,) 
2025-03-13 15:48:22,767 - WARNING - WARNING: No results stored for RK45, seed 5, error MSE.
2025-03-13 15:48:22,767 - WARNING - WARNING: No results stored for RK45, seed 5, error MABS.
2025-03-13 15:48:22,767 - WARNING - WARNING: No results stored for RK45, seed 5, error SQUARED.
2025-03-13 15:48:22,779 - WARNING - WARNING: No results stored for RK45, seed 6, error ABS.
2025-03-13 15:48:22,779 - INFO - Starting execution for: Solver=RK45, Error=MSE, Seed=8
2025-03-13 15:48:22,779 - WARNING - WARNING: No results stored for RK45, seed 6, error SQUARED.
2025-03-13 15:48:22,779 - INFO - Starting execution for: Solver=RK45, Error=MABS, Seed=8
2025-03-13 15:48:22,779 - INFO - Starting execution for: Solver=RK45, Error=SQUARED, Seed=8
2025-03-13 15:48:22,779 - INFO - Starting execution for: Solver=RK45, Error=ABS, Seed=9
2025-03-13 15:48:22,779 - INFO - Starting execution for: Solver=RK45, Error=SQUARED, Seed=9
2025-03-13 15:48:22,799 - ERROR - Unexpected error: operands could not be broadcast together with shapes (19,) (40,) 
Traceback (most recent call last):
  File "C:\Users\anabi\AppData\Local\Temp\ipykernel_8640\104636929.py", line 41, in run_evolution
    toolbox.update(population)
  File "C:\Users\anabi\AppData\Local\Packages\PythonSoftwareFoundation.Python.3.10_qbz5n2kfra8p0\LocalCache\local-packages\Python310\site-packages\deap\cma.py", line 138, in update
    c_diff = self.centroid - old_centroid
ValueError: operands could not be broadcast together with shapes (19,) (40,) 
2025-03-13 15:48:22,799 - ERROR - Unexpected error: operands could not be broadcast together with shapes (19,) (40,) 
Traceback (most recent call last):
  File "C:\Users\anabi\AppData\Local\Temp\ipykernel_8640\104636929.py", line 41, in run_evolution
    toolbox.update(population)
  File "C:\Users\anabi\AppData\Local\Packages\PythonSoftwareFoundation.Python.3.10_qbz5n2kfra8p0\LocalCache\local-packages\Python310\site-packages\deap\cma.py", line 138, in update
    c_diff = self.centroid - old_centroid
ValueError: operands could not be broadcast together with shapes (19,) (40,) 
2025-03-13 15:48:22,812 - ERROR - Unexpected error: operands could not be broadcast together with shapes (19,) (40,) 
Traceback (most recent call last):
  File "C:\Users\anabi\AppData\Local\Temp\ipykernel_8640\104636929.py", line 41, in run_evolution
    toolbox.update(population)
  File "C:\Users\anabi\AppData\Local\Packages\PythonSoftwareFoundation.Python.3.10_qbz5n2kfra8p0\LocalCache\local-packages\Python310\site-packages\deap\cma.py", line 138, in update
    c_diff = self.centroid - old_centroid
ValueError: operands could not be broadcast together with shapes (19,) (40,) 
2025-03-13 15:48:22,812 - ERROR - Unexpected error: operands could not be broadcast together with shapes (19,) (40,) 
Traceback (most recent call last):
  File "C:\Users\anabi\AppData\Local\Temp\ipykernel_8640\104636929.py", line 41, in run_evolution
    toolbox.update(population)
  File "C:\Users\anabi\AppData\Local\Packages\PythonSoftwareFoundation.Python.3.10_qbz5n2kfra8p0\LocalCache\local-packages\Python310\site-packages\deap\cma.py", line 138, in update
    c_diff = self.centroid - old_centroid
ValueError: operands could not be broadcast together with shapes (19,) (40,) 
2025-03-13 15:48:22,812 - WARNING - WARNING: No results stored for RK45, seed 7, error SQUARED.
2025-03-13 15:48:22,828 - WARNING - WARNING: No results stored for RK45, seed 6, error MABS.
2025-03-13 15:48:22,830 - ERROR - Unexpected error: operands could not be broadcast together with shapes (19,) (40,) 
Traceback (most recent call last):
  File "C:\Users\anabi\AppData\Local\Temp\ipykernel_8640\104636929.py", line 41, in run_evolution
    toolbox.update(population)
  File "C:\Users\anabi\AppData\Local\Packages\PythonSoftwareFoundation.Python.3.10_qbz5n2kfra8p0\LocalCache\local-packages\Python310\site-packages\deap\cma.py", line 138, in update
    c_diff = self.centroid - old_centroid
ValueError: operands could not be broadcast together with shapes (19,) (40,) 
2025-03-13 15:48:22,830 - WARNING - WARNING: No results stored for RK45, seed 6, error MSE.
2025-03-13 15:48:22,830 - WARNING - WARNING: No results stored for RK45, seed 7, error ABS.
2025-03-13 15:48:22,830 - INFO - Starting execution for: Solver=RK45, Error=MSE, Seed=9
2025-03-13 15:48:22,830 - INFO - Starting execution for: Solver=RK45, Error=MABS, Seed=9
2025-03-13 15:48:22,846 - WARNING - WARNING: No results stored for RK45, seed 7, error MABS.
2025-03-13 15:48:22,846 - WARNING - WARNING: No results stored for RK45, seed 7, error MSE.
2025-03-13 15:48:22,846 - WARNING - WARNING: No results stored for RK45, seed 8, error ABS.
2025-03-13 15:48:22,846 - WARNING - WARNING: No results stored for RK45, seed 8, error SQUARED.
2025-03-13 15:48:22,862 - ERROR - Unexpected error: operands could not be broadcast together with shapes (19,) (40,) 
Traceback (most recent call last):
  File "C:\Users\anabi\AppData\Local\Temp\ipykernel_8640\104636929.py", line 41, in run_evolution
    toolbox.update(population)
  File "C:\Users\anabi\AppData\Local\Packages\PythonSoftwareFoundation.Python.3.10_qbz5n2kfra8p0\LocalCache\local-packages\Python310\site-packages\deap\cma.py", line 138, in update
    c_diff = self.centroid - old_centroid
ValueError: operands could not be broadcast together with shapes (19,) (40,) 
2025-03-13 15:48:22,862 - ERROR - Unexpected error: operands could not be broadcast together with shapes (19,) (40,) 
Traceback (most recent call last):
  File "C:\Users\anabi\AppData\Local\Temp\ipykernel_8640\104636929.py", line 41, in run_evolution
    toolbox.update(population)
  File "C:\Users\anabi\AppData\Local\Packages\PythonSoftwareFoundation.Python.3.10_qbz5n2kfra8p0\LocalCache\local-packages\Python310\site-packages\deap\cma.py", line 138, in update
    c_diff = self.centroid - old_centroid
ValueError: operands could not be broadcast together with shapes (19,) (40,) 
2025-03-13 15:48:22,862 - WARNING - WARNING: No results stored for RK45, seed 8, error MSE.
2025-03-13 15:48:22,862 - WARNING - WARNING: No results stored for RK45, seed 8, error MABS.
2025-03-13 15:48:22,862 - WARNING - WARNING: No results stored for RK45, seed 9, error ABS.
2025-03-13 15:48:22,879 - WARNING - WARNING: No results stored for RK45, seed 9, error MSE.
2025-03-13 15:48:22,879 - WARNING - WARNING: No results stored for RK45, seed 9, error SQUARED.
2025-03-13 15:48:22,879 - WARNING - WARNING: No results stored for RK45, seed 9, error MABS.
2025-03-13 15:53:34,592 - INFO - Starting execution for: Solver=RK45, Error=ABS, Seed=0
2025-03-13 15:53:34,592 - INFO - Starting execution for: Solver=RK45, Error=SQUARED, Seed=0
2025-03-13 15:53:34,606 - INFO - Starting execution for: Solver=RK45, Error=MSE, Seed=0
2025-03-13 15:53:34,668 - INFO - Starting execution for: Solver=RK45, Error=MABS, Seed=0
2025-03-13 15:53:34,683 - INFO - Starting execution for: Solver=RK45, Error=ABS, Seed=1
2025-03-13 15:53:34,714 - INFO - Starting execution for: Solver=RK45, Error=SQUARED, Seed=1
2025-03-13 15:53:34,714 - INFO - Starting execution for: Solver=RK45, Error=MSE, Seed=1
2025-03-13 15:53:34,714 - INFO - Starting execution for: Solver=RK45, Error=MABS, Seed=1
2025-03-13 15:53:34,730 - INFO - Starting execution for: Solver=RK45, Error=ABS, Seed=2
2025-03-13 15:53:34,741 - INFO - Starting execution for: Solver=RK45, Error=SQUARED, Seed=2
2025-03-13 15:53:34,757 - INFO - Starting execution for: Solver=RK45, Error=MABS, Seed=2
2025-03-13 15:53:34,760 - INFO - Starting execution for: Solver=RK45, Error=MSE, Seed=2
2025-03-13 15:56:04,423 - INFO - Execution finished for RK45, seed 2, error MABS in 147.52 seconds.
2025-03-13 15:56:04,423 - INFO - Starting execution for: Solver=RK45, Error=ABS, Seed=3
2025-03-13 15:56:06,467 - INFO - Execution finished for RK45, seed 1, error SQUARED in 149.38 seconds.
2025-03-13 15:56:06,473 - INFO - Starting execution for: Solver=RK45, Error=SQUARED, Seed=3
2025-03-13 15:56:08,258 - INFO - Execution finished for RK45, seed 1, error MABS in 151.35 seconds.
2025-03-13 15:56:08,275 - INFO - Starting execution for: Solver=RK45, Error=MSE, Seed=3
2025-03-13 15:56:09,756 - INFO - Execution finished for RK45, seed 2, error MSE in 152.79 seconds.
2025-03-13 15:56:09,757 - INFO - Starting execution for: Solver=RK45, Error=MABS, Seed=3
2025-03-13 15:56:09,805 - INFO - Execution finished for RK45, seed 0, error MABS in 152.97 seconds.
2025-03-13 15:56:09,813 - INFO - Starting execution for: Solver=RK45, Error=ABS, Seed=4
2025-03-13 15:56:12,651 - INFO - Execution finished for RK45, seed 2, error SQUARED in 155.72 seconds.
2025-03-13 15:56:12,666 - INFO - Starting execution for: Solver=RK45, Error=SQUARED, Seed=4
2025-03-13 15:56:16,106 - INFO - Execution finished for RK45, seed 0, error ABS in 159.47 seconds.
2025-03-13 15:56:16,109 - INFO - Starting execution for: Solver=RK45, Error=MSE, Seed=4
2025-03-13 15:56:16,504 - INFO - Execution finished for RK45, seed 0, error SQUARED in 159.96 seconds.
2025-03-13 15:56:16,514 - INFO - Starting execution for: Solver=RK45, Error=MABS, Seed=4
2025-03-13 15:56:19,010 - INFO - Execution finished for RK45, seed 1, error ABS in 162.35 seconds.
2025-03-13 15:56:19,010 - INFO - Execution finished for RK45, seed 2, error ABS in 162.07 seconds.
2025-03-13 15:56:19,025 - INFO - Starting execution for: Solver=RK45, Error=ABS, Seed=5
2025-03-13 15:56:19,041 - INFO - Starting execution for: Solver=RK45, Error=SQUARED, Seed=5
2025-03-13 15:56:25,524 - INFO - Execution finished for RK45, seed 1, error MSE in 168.61 seconds.
2025-03-13 15:56:25,526 - INFO - Starting execution for: Solver=RK45, Error=MSE, Seed=5
2025-03-13 15:56:27,125 - INFO - Execution finished for RK45, seed 0, error MSE in 170.41 seconds.
2025-03-13 15:56:27,125 - INFO - Starting execution for: Solver=RK45, Error=MABS, Seed=5
2025-03-13 15:58:41,904 - INFO - Execution finished for RK45, seed 3, error MABS in 150.12 seconds.
2025-03-13 15:58:41,926 - INFO - Starting execution for: Solver=RK45, Error=ABS, Seed=6
2025-03-13 15:58:42,799 - INFO - Execution finished for RK45, seed 3, error MSE in 153.76 seconds.
2025-03-13 15:58:42,803 - INFO - Starting execution for: Solver=RK45, Error=SQUARED, Seed=6
2025-03-13 15:58:43,405 - INFO - Execution finished for RK45, seed 3, error ABS in 156.31 seconds.
2025-03-13 15:58:43,405 - INFO - Starting execution for: Solver=RK45, Error=MSE, Seed=6
2025-03-13 15:58:50,491 - INFO - Execution finished for RK45, seed 4, error ABS in 158.62 seconds.
2025-03-13 15:58:50,496 - INFO - Starting execution for: Solver=RK45, Error=MABS, Seed=6
2025-03-13 15:58:50,698 - INFO - Execution finished for RK45, seed 4, error MSE in 152.72 seconds.
2025-03-13 15:58:50,714 - INFO - Starting execution for: Solver=RK45, Error=ABS, Seed=7
2025-03-13 15:58:52,384 - INFO - Execution finished for RK45, seed 4, error MABS in 153.88 seconds.
2025-03-13 15:58:52,400 - INFO - Starting execution for: Solver=RK45, Error=SQUARED, Seed=7
2025-03-13 15:58:55,604 - INFO - Execution finished for RK45, seed 3, error SQUARED in 168.50 seconds.
2025-03-13 15:58:55,632 - INFO - Starting execution for: Solver=RK45, Error=MSE, Seed=7
2025-03-13 15:59:01,824 - INFO - Execution finished for RK45, seed 5, error MSE in 153.67 seconds.
2025-03-13 15:59:01,834 - INFO - Starting execution for: Solver=RK45, Error=MABS, Seed=7
2025-03-13 15:59:01,928 - INFO - Execution finished for RK45, seed 5, error MABS in 152.52 seconds.
2025-03-13 15:59:01,935 - INFO - Starting execution for: Solver=RK45, Error=ABS, Seed=8
2025-03-13 15:59:03,411 - INFO - Execution finished for RK45, seed 5, error ABS in 162.34 seconds.
2025-03-13 15:59:03,411 - INFO - Starting execution for: Solver=RK45, Error=SQUARED, Seed=8
2025-03-13 15:59:04,552 - INFO - Execution finished for RK45, seed 4, error SQUARED in 169.77 seconds.
2025-03-13 15:59:04,567 - INFO - Starting execution for: Solver=RK45, Error=MSE, Seed=8
2025-03-13 15:59:08,844 - INFO - Execution finished for RK45, seed 5, error SQUARED in 167.51 seconds.
2025-03-13 15:59:08,881 - INFO - Starting execution for: Solver=RK45, Error=MABS, Seed=8
2025-03-13 16:01:09,961 - INFO - Execution finished for RK45, seed 6, error ABS in 146.33 seconds.
2025-03-13 16:01:09,961 - INFO - Starting execution for: Solver=RK45, Error=ABS, Seed=9
2025-03-13 16:01:11,692 - INFO - Execution finished for RK45, seed 6, error SQUARED in 146.95 seconds.
2025-03-13 16:01:11,708 - INFO - Starting execution for: Solver=RK45, Error=SQUARED, Seed=9
2025-03-13 16:01:13,583 - INFO - Execution finished for RK45, seed 7, error ABS in 140.96 seconds.
2025-03-13 16:01:13,583 - INFO - Starting execution for: Solver=RK45, Error=MSE, Seed=9
2025-03-13 16:01:18,583 - INFO - Execution finished for RK45, seed 6, error MABS in 146.32 seconds.
2025-03-13 16:01:18,598 - INFO - Starting execution for: Solver=RK45, Error=MABS, Seed=9
2025-03-13 16:01:25,442 - INFO - Execution finished for RK45, seed 8, error ABS in 141.47 seconds.
2025-03-13 16:01:25,536 - INFO - Execution finished for RK45, seed 7, error MABS in 141.77 seconds.
2025-03-13 16:01:25,598 - INFO - Execution finished for RK45, seed 7, error SQUARED in 151.18 seconds.
2025-03-13 16:01:29,145 - INFO - Execution finished for RK45, seed 6, error MSE in 164.29 seconds.
2025-03-13 16:01:30,880 - INFO - Execution finished for RK45, seed 8, error MABS in 140.64 seconds.
2025-03-13 16:01:31,634 - INFO - Execution finished for RK45, seed 8, error SQUARED in 147.06 seconds.
2025-03-13 16:01:34,618 - INFO - Execution finished for RK45, seed 7, error MSE in 157.87 seconds.
2025-03-13 16:01:37,316 - INFO - Execution finished for RK45, seed 8, error MSE in 151.89 seconds.
2025-03-13 16:02:12,106 - INFO - Execution finished for RK45, seed 9, error MSE in 57.90 seconds.
2025-03-13 16:02:12,606 - INFO - Execution finished for RK45, seed 9, error SQUARED in 60.51 seconds.
2025-03-13 16:02:14,200 - INFO - Execution finished for RK45, seed 9, error ABS in 63.99 seconds.
2025-03-13 16:02:14,481 - INFO - Execution finished for RK45, seed 9, error MABS in 55.76 seconds.
